<?xml version="1.0" encoding="utf-8"?>
<CoverageSession xmlns:xsd="http://www.w3.org/2001/XMLSchema" xmlns:xsi="http://www.w3.org/2001/XMLSchema-instance" Version="4.7.1221.0">
  <Summary numSequencePoints="507" visitedSequencePoints="482" numBranchPoints="191" visitedBranchPoints="152" sequenceCoverage="95.07" branchCoverage="79.58" maxCyclomaticComplexity="12" minCyclomaticComplexity="1" maxCrapScore="30" minCrapScore="1" visitedClasses="40" numClasses="41" visitedMethods="90" numMethods="101" />
  <Modules>
    <Module skippedDueTo="Filter" hash="05-69-7E-BF-F7-CB-77-D2-AE-52-33-82-C6-13-2C-53-CA-6A-EF-F4">
      <ModulePath>C:\WINDOWS\Microsoft.Net\assembly\GAC_64\mscorlib\v4.0_4.0.0.0__b77a5c561934e089\mscorlib.dll</ModulePath>
      <ModuleTime>2022-04-06T05:33:38.0329695Z</ModuleTime>
      <ModuleName>mscorlib</ModuleName>
      <Classes />
    </Module>
    <Module skippedDueTo="Filter" hash="BD-B3-6B-9D-48-65-94-4D-BE-FE-08-D4-18-03-54-6E-7A-20-AF-94">
      <ModulePath>C:\Program Files\Microsoft Visual Studio\2022\Professional\Common7\IDE\CommonExtensions\Microsoft\TestWindow\VSTest.Console.exe</ModulePath>
      <ModuleTime>2022-07-14T18:04:52.6192983Z</ModuleTime>
      <ModuleName>vstest.console</ModuleName>
      <Classes />
    </Module>
    <Module skippedDueTo="Filter" hash="6D-33-56-E0-A4-70-DD-A6-76-5F-A5-53-74-A4-C5-85-A7-75-E6-6C">
      <ModulePath>C:\Program Files\Microsoft Visual Studio\2022\Professional\Common7\IDE\Extensions\TestPlatform\vstest.console.exe</ModulePath>
      <ModuleTime>2022-07-14T18:05:04.0720498Z</ModuleTime>
      <ModuleName>vstest.console</ModuleName>
      <Classes />
    </Module>
    <Module skippedDueTo="Filter" hash="87-72-94-0E-03-D5-53-0E-E6-C3-DC-CA-02-54-D9-91-09-85-42-63">
      <ModulePath>C:\Program Files\Microsoft Visual Studio\2022\Professional\Common7\IDE\Extensions\TestPlatform\Microsoft.TestPlatform.CoreUtilities.dll</ModulePath>
      <ModuleTime>2022-07-14T18:05:01.6353294Z</ModuleTime>
      <ModuleName>Microsoft.TestPlatform.CoreUtilities</ModuleName>
      <Classes />
    </Module>
    <Module skippedDueTo="Filter" hash="CD-EF-5D-59-C9-98-7A-31-64-22-E5-8F-15-07-D2-CA-8E-43-AE-F2">
      <ModulePath>C:\WINDOWS\Microsoft.Net\assembly\GAC_MSIL\System\v4.0_4.0.0.0__b77a5c561934e089\System.dll</ModulePath>
      <ModuleTime>2022-01-19T03:57:45.8289532Z</ModuleTime>
      <ModuleName>System</ModuleName>
      <Classes />
    </Module>
    <Module skippedDueTo="Filter" hash="34-55-8B-D2-C1-36-E3-50-6F-2E-14-B8-D4-E5-F4-4A-80-6F-BA-17">
      <ModulePath>C:\Program Files\Microsoft Visual Studio\2022\Professional\Common7\IDE\Extensions\TestPlatform\Microsoft.TestPlatform.PlatformAbstractions.dll</ModulePath>
      <ModuleTime>2022-07-14T18:05:01.7032937Z</ModuleTime>
      <ModuleName>Microsoft.TestPlatform.PlatformAbstractions</ModuleName>
      <Classes />
    </Module>
    <Module skippedDueTo="Filter" hash="79-5F-8C-59-58-E2-2E-61-BD-7A-63-02-E1-A9-E0-80-32-3B-0B-8D">
      <ModulePath>C:\Program Files\Microsoft Visual Studio\2022\Professional\Common7\IDE\Extensions\TestPlatform\Microsoft.VisualStudio.TestPlatform.ObjectModel.dll</ModulePath>
      <ModuleTime>2022-07-14T18:05:02.3183211Z</ModuleTime>
      <ModuleName>Microsoft.VisualStudio.TestPlatform.ObjectModel</ModuleName>
      <Classes />
    </Module>
    <Module skippedDueTo="Filter" hash="69-1C-13-02-31-9F-AF-04-B4-4A-99-49-D0-63-00-6C-9A-B2-59-81">
      <ModulePath>C:\Program Files\Microsoft Visual Studio\2022\Professional\Common7\IDE\Extensions\TestPlatform\Microsoft.VisualStudio.TestPlatform.Client.dll</ModulePath>
      <ModuleTime>2022-07-14T18:05:02.2503035Z</ModuleTime>
      <ModuleName>Microsoft.VisualStudio.TestPlatform.Client</ModuleName>
      <Classes />
    </Module>
    <Module skippedDueTo="Filter" hash="29-AE-8F-DD-4E-DF-B4-71-AC-6C-E4-CB-7C-1A-85-E4-AB-12-72-70">
      <ModulePath>C:\Program Files\Microsoft Visual Studio\2022\Professional\Common7\IDE\Extensions\TestPlatform\Microsoft.VisualStudio.TestPlatform.Common.dll</ModulePath>
      <ModuleTime>2022-07-14T18:05:02.2743178Z</ModuleTime>
      <ModuleName>Microsoft.VisualStudio.TestPlatform.Common</ModuleName>
      <Classes />
    </Module>
    <Module skippedDueTo="Filter" hash="38-D7-65-F1-4C-49-BB-22-08-00-85-D0-9E-E3-3B-0B-A9-15-22-2B">
      <ModulePath>C:\WINDOWS\Microsoft.Net\assembly\GAC_MSIL\System.Core\v4.0_4.0.0.0__b77a5c561934e089\System.Core.dll</ModulePath>
      <ModuleTime>2022-04-06T05:35:21.440183Z</ModuleTime>
      <ModuleName>System.Core</ModuleName>
      <Classes />
    </Module>
    <Module skippedDueTo="Filter" hash="DA-72-DA-8C-56-D2-30-3A-A5-9C-B3-A9-A9-6F-D8-2F-60-43-B5-A9">
      <ModulePath>C:\WINDOWS\Microsoft.Net\assembly\GAC_MSIL\System.Xml\v4.0_4.0.0.0__b77a5c561934e089\System.Xml.dll</ModulePath>
      <ModuleTime>2019-12-07T09:10:37.7737543Z</ModuleTime>
      <ModuleName>System.Xml</ModuleName>
      <Classes />
    </Module>
    <Module skippedDueTo="Filter" hash="AC-03-15-ED-C9-77-A4-BD-1C-76-DE-FC-67-BB-10-CF-48-CE-5F-FF">
      <ModulePath>C:\Program Files\Microsoft Visual Studio\2022\Professional\Common7\IDE\Extensions\TestPlatform\Microsoft.TestPlatform.Utilities.dll</ModulePath>
      <ModuleTime>2022-07-14T18:05:01.72835Z</ModuleTime>
      <ModuleName>Microsoft.TestPlatform.Utilities</ModuleName>
      <Classes />
    </Module>
    <Module skippedDueTo="Filter" hash="B8-06-35-1F-5C-DD-25-2E-69-D6-CB-B6-D4-99-D8-AC-4A-C8-7B-D3">
      <ModulePath>C:\Program Files\Microsoft Visual Studio\2022\Professional\Common7\IDE\Extensions\TestPlatform\NuGet.Frameworks.dll</ModulePath>
      <ModuleTime>2022-07-14T18:05:02.5313161Z</ModuleTime>
      <ModuleName>NuGet.Frameworks</ModuleName>
      <Classes />
    </Module>
    <Module skippedDueTo="Filter" hash="C8-2E-64-82-9F-3E-E5-68-28-EC-A3-5B-05-18-0A-CC-70-C1-0D-04">
      <ModulePath>C:\WINDOWS\Microsoft.Net\assembly\GAC_MSIL\System.Configuration\v4.0_4.0.0.0__b03f5f7f11d50a3a\System.Configuration.dll</ModulePath>
      <ModuleTime>2020-06-05T05:04:05.335002Z</ModuleTime>
      <ModuleName>System.Configuration</ModuleName>
      <Classes />
    </Module>
    <Module skippedDueTo="Filter" hash="21-A3-50-7A-BB-F9-3B-97-D0-86-7E-29-16-61-36-5D-B1-E9-BA-8A">
      <ModulePath>C:\Program Files\Microsoft Visual Studio\2022\Professional\Common7\IDE\Extensions\TestPlatform\Microsoft.Extensions.FileSystemGlobbing.dll</ModulePath>
      <ModuleTime>2022-07-14T18:05:01.5177482Z</ModuleTime>
      <ModuleName>Microsoft.Extensions.FileSystemGlobbing</ModuleName>
      <Classes />
    </Module>
    <Module skippedDueTo="Filter" hash="EF-81-1D-AD-E7-F3-10-4A-A4-96-1E-40-FC-28-B5-CB-3F-E0-38-CA">
      <ModulePath>C:\Program Files\Microsoft Visual Studio\2022\Professional\Common7\IDE\Extensions\TestPlatform\Microsoft.TestPlatform.CrossPlatEngine.dll</ModulePath>
      <ModuleTime>2022-07-14T18:05:01.6662877Z</ModuleTime>
      <ModuleName>Microsoft.TestPlatform.CrossPlatEngine</ModuleName>
      <Classes />
    </Module>
    <Module skippedDueTo="Filter" hash="7A-19-B2-EE-E3-1E-CD-01-0D-87-2C-48-E9-A4-32-78-B1-45-5B-C7">
      <ModulePath>C:\Program Files\Microsoft Visual Studio\2022\Professional\Common7\IDE\Extensions\TestPlatform\Extensions\DumpMinitool.exe</ModulePath>
      <ModuleTime>2022-07-14T18:04:58.4864181Z</ModuleTime>
      <ModuleName>DumpMinitool</ModuleName>
      <Classes />
    </Module>
    <Module skippedDueTo="Filter" hash="F1-D3-C4-19-F0-A3-97-CA-EE-78-EA-BA-5F-97-56-C8-6D-7F-01-45">
      <ModulePath>C:\Program Files\Microsoft Visual Studio\2022\Professional\Common7\IDE\Extensions\TestPlatform\System.Reflection.Metadata.dll</ModulePath>
      <ModuleTime>2022-07-14T18:05:03.2920317Z</ModuleTime>
      <ModuleName>System.Reflection.Metadata</ModuleName>
      <Classes />
    </Module>
    <Module skippedDueTo="Filter" hash="69-5D-5D-9B-F7-23-8F-39-AB-08-BC-FE-2D-BB-F7-A6-09-5F-62-AF">
      <ModulePath>C:\WINDOWS\Microsoft.Net\assembly\GAC_MSIL\System.Runtime\v4.0_4.0.0.0__b03f5f7f11d50a3a\System.Runtime.dll</ModulePath>
      <ModuleTime>2019-12-07T09:10:34.4923358Z</ModuleTime>
      <ModuleName>System.Runtime</ModuleName>
      <Classes />
    </Module>
    <Module skippedDueTo="Filter" hash="1A-C0-32-0E-C5-53-1C-78-D4-5F-19-7F-02-40-91-22-61-53-E5-46">
      <ModulePath>C:\WINDOWS\Microsoft.Net\assembly\GAC_MSIL\System.Runtime.InteropServices\v4.0_4.0.0.0__b03f5f7f11d50a3a\System.Runtime.InteropServices.dll</ModulePath>
      <ModuleTime>2019-12-07T09:10:35.9300981Z</ModuleTime>
      <ModuleName>System.Runtime.InteropServices</ModuleName>
      <Classes />
    </Module>
    <Module skippedDueTo="Filter" hash="8E-25-51-80-B6-FC-23-97-DE-18-0B-AA-0D-F2-A4-AD-97-C1-6A-8D">
      <ModulePath>C:\WINDOWS\Microsoft.Net\assembly\GAC_MSIL\System.IO\v4.0_4.0.0.0__b03f5f7f11d50a3a\System.IO.dll</ModulePath>
      <ModuleTime>2019-12-07T09:10:34.5552678Z</ModuleTime>
      <ModuleName>System.IO</ModuleName>
      <Classes />
    </Module>
    <Module skippedDueTo="Filter" hash="FB-BF-29-CE-7B-65-70-2C-55-E7-9A-03-D5-24-9F-04-A1-39-0C-A6">
      <ModulePath>C:\Program Files\Microsoft Visual Studio\2022\Professional\Common7\IDE\Extensions\TestPlatform\System.Collections.Immutable.dll</ModulePath>
      <ModuleTime>2022-07-14T18:05:03.2659571Z</ModuleTime>
      <ModuleName>System.Collections.Immutable</ModuleName>
      <Classes />
    </Module>
    <Module skippedDueTo="Filter" hash="A9-B8-38-52-F8-47-F1-F7-B1-42-BD-5D-0D-13-50-FA-8A-F5-08-DC">
      <ModulePath>C:\WINDOWS\Microsoft.Net\assembly\GAC_MSIL\System.Reflection\v4.0_4.0.0.0__b03f5f7f11d50a3a\System.Reflection.dll</ModulePath>
      <ModuleTime>2019-12-07T09:10:36.0237545Z</ModuleTime>
      <ModuleName>System.Reflection</ModuleName>
      <Classes />
    </Module>
    <Module skippedDueTo="Filter" hash="29-E2-55-07-C8-69-DD-86-D5-1E-15-EB-9A-30-ED-35-C2-B9-03-56">
      <ModulePath>C:\WINDOWS\Microsoft.Net\assembly\GAC_MSIL\System.IO.FileSystem\v4.0_4.0.0.0__b03f5f7f11d50a3a\System.IO.FileSystem.dll</ModulePath>
      <ModuleTime>2019-12-07T09:10:36.0095245Z</ModuleTime>
      <ModuleName>System.IO.FileSystem</ModuleName>
      <Classes />
    </Module>
    <Module skippedDueTo="Filter" hash="A5-4A-8D-3E-92-F3-E6-8A-37-31-3B-55-FF-F9-42-71-EA-75-C1-69">
      <ModulePath>C:\WINDOWS\Microsoft.Net\assembly\GAC_MSIL\System.IO.MemoryMappedFiles\v4.0_4.0.0.0__b03f5f7f11d50a3a\System.IO.MemoryMappedFiles.dll</ModulePath>
      <ModuleTime>2019-12-07T09:10:34.5552678Z</ModuleTime>
      <ModuleName>System.IO.MemoryMappedFiles</ModuleName>
      <Classes />
    </Module>
    <Module skippedDueTo="Filter" hash="43-A6-0D-38-57-A9-43-74-96-CC-94-35-A8-4D-BE-B5-A6-1E-21-29">
      <ModulePath>C:\WINDOWS\Microsoft.Net\assembly\GAC_MSIL\System.Runtime.Handles\v4.0_4.0.0.0__b03f5f7f11d50a3a\System.Runtime.Handles.dll</ModulePath>
      <ModuleTime>2019-12-07T09:10:37.6643716Z</ModuleTime>
      <ModuleName>System.Runtime.Handles</ModuleName>
      <Classes />
    </Module>
    <Module skippedDueTo="Filter" hash="0D-4A-54-7F-D3-8D-3F-CB-0E-41-6D-19-BA-DE-3E-8E-24-AC-CF-F5">
      <ModulePath>C:\WINDOWS\Microsoft.Net\assembly\GAC_MSIL\System.Reflection.Extensions\v4.0_4.0.0.0__b03f5f7f11d50a3a\System.Reflection.Extensions.dll</ModulePath>
      <ModuleTime>2019-12-07T09:10:37.7113237Z</ModuleTime>
      <ModuleName>System.Reflection.Extensions</ModuleName>
      <Classes />
    </Module>
    <Module skippedDueTo="Filter" hash="C6-18-EC-70-A3-C4-0D-6D-5D-3C-70-6D-21-0F-07-83-E2-12-E9-30">
      <ModulePath>C:\WINDOWS\Microsoft.Net\assembly\GAC_MSIL\System.Threading\v4.0_4.0.0.0__b03f5f7f11d50a3a\System.Threading.dll</ModulePath>
      <ModuleTime>2019-12-07T09:10:34.5860246Z</ModuleTime>
      <ModuleName>System.Threading</ModuleName>
      <Classes />
    </Module>
    <Module skippedDueTo="Filter" hash="3B-54-9E-DF-F9-FC-C4-94-AC-51-5D-4C-31-68-2A-24-99-9B-3C-FA">
      <ModulePath>C:\WINDOWS\Microsoft.Net\assembly\GAC_MSIL\System.Text.Encoding\v4.0_4.0.0.0__b03f5f7f11d50a3a\System.Text.Encoding.dll</ModulePath>
      <ModuleTime>2019-12-07T09:10:36.0705812Z</ModuleTime>
      <ModuleName>System.Text.Encoding</ModuleName>
      <Classes />
    </Module>
    <Module skippedDueTo="Filter" hash="E6-96-E0-ED-94-95-52-F4-BC-21-B7-D5-9B-3E-92-E7-68-62-3B-E3">
      <ModulePath>C:\WINDOWS\Microsoft.Net\assembly\GAC_MSIL\System.Runtime.Extensions\v4.0_4.0.0.0__b03f5f7f11d50a3a\System.Runtime.Extensions.dll</ModulePath>
      <ModuleTime>2019-12-07T09:10:37.6174386Z</ModuleTime>
      <ModuleName>System.Runtime.Extensions</ModuleName>
      <Classes />
    </Module>
    <Module skippedDueTo="Filter" hash="A9-B5-99-95-3D-BC-63-C8-0C-36-BC-93-7E-F1-FA-63-10-36-B9-50">
      <ModulePath>C:\WINDOWS\Microsoft.Net\assembly\GAC_MSIL\System.Text.Encoding.Extensions\v4.0_4.0.0.0__b03f5f7f11d50a3a\System.Text.Encoding.Extensions.dll</ModulePath>
      <ModuleTime>2019-12-07T09:10:36.1495949Z</ModuleTime>
      <ModuleName>System.Text.Encoding.Extensions</ModuleName>
      <Classes />
    </Module>
    <Module skippedDueTo="Filter" hash="83-07-8A-A0-BD-AA-F0-36-E6-68-42-16-5E-BE-F0-B0-32-C3-73-3D">
      <ModulePath>C:\Program Files\Microsoft Visual Studio\2022\Professional\Common7\IDE\Extensions\TestPlatform\Extensions\DumpMinitool.x86.exe</ModulePath>
      <ModuleTime>2022-07-14T18:04:58.5044276Z</ModuleTime>
      <ModuleName>DumpMinitool.x86</ModuleName>
      <Classes />
    </Module>
    <Module skippedDueTo="Filter" hash="14-42-B3-12-B9-8A-38-8D-E9-B1-F7-16-F5-D1-74-1B-E1-6C-22-CE">
      <ModulePath>C:\Program Files\Microsoft Visual Studio\2022\Professional\Common7\IDE\Extensions\TestPlatform\Extensions\Microsoft.TestPlatform.Extensions.BlameDataCollector.dll</ModulePath>
      <ModuleTime>2022-07-14T18:04:59.0478372Z</ModuleTime>
      <ModuleName>Microsoft.TestPlatform.Extensions.BlameDataCollector</ModuleName>
      <Classes />
    </Module>
    <Module skippedDueTo="Filter" hash="D2-E0-DD-99-E4-76-82-0F-EF-87-B7-93-26-B1-6D-67-B7-3A-B5-B8">
      <ModulePath>C:\Program Files\Microsoft Visual Studio\2022\Professional\Common7\IDE\Extensions\TestPlatform\Extensions\Microsoft.TestPlatform.Extensions.EventLogCollector.dll</ModulePath>
      <ModuleTime>2022-07-14T18:04:59.0824625Z</ModuleTime>
      <ModuleName>Microsoft.TestPlatform.Extensions.EventLogCollector</ModuleName>
      <Classes />
    </Module>
    <Module skippedDueTo="Filter" hash="B4-0A-1C-42-CF-BD-95-5E-22-E1-62-61-1F-63-2D-FC-09-36-BE-C5">
      <ModulePath>C:\Program Files\Microsoft Visual Studio\2022\Professional\Common7\IDE\Extensions\TestPlatform\Extensions\Microsoft.TestPlatform.TestHostRuntimeProvider.dll</ModulePath>
      <ModuleTime>2022-07-14T18:04:59.1233649Z</ModuleTime>
      <ModuleName>Microsoft.TestPlatform.TestHostRuntimeProvider</ModuleName>
      <Classes />
    </Module>
    <Module skippedDueTo="Filter" hash="25-96-3B-0B-C1-D5-1D-3C-00-D8-6A-73-FC-45-B4-69-FE-4F-92-CD">
      <ModulePath>C:\Program Files\Microsoft Visual Studio\2022\Professional\Common7\IDE\Extensions\TestPlatform\Microsoft.VisualStudio.ArchitectureTools.PEReader.dll</ModulePath>
      <ModuleTime>2022-07-14T18:05:01.7993086Z</ModuleTime>
      <ModuleName>Microsoft.VisualStudio.ArchitectureTools.PEReader</ModuleName>
      <Classes />
    </Module>
    <Module skippedDueTo="Filter" hash="25-96-3B-0B-C1-D5-1D-3C-00-D8-6A-73-FC-45-B4-69-FE-4F-92-CD">
      <ModulePath>C:\Program Files\Microsoft Visual Studio\2022\Professional\Common7\IDE\Extensions\TestPlatform\Extensions\Microsoft.VisualStudio.ArchitectureTools.PEReader.dll</ModulePath>
      <ModuleTime>2022-07-14T18:04:59.1902485Z</ModuleTime>
      <ModuleName>Microsoft.VisualStudio.ArchitectureTools.PEReader</ModuleName>
      <Classes />
    </Module>
    <Module skippedDueTo="Filter" hash="2F-44-E4-11-8C-26-2D-CB-64-A5-0C-35-3B-11-D9-07-80-CF-C2-54">
      <ModulePath>C:\Program Files\Microsoft Visual Studio\2022\Professional\Common7\IDE\Extensions\TestPlatform\Extensions\Microsoft.VisualStudio.Coverage.Core.dll</ModulePath>
      <ModuleTime>2022-07-14T18:04:59.2055397Z</ModuleTime>
      <ModuleName>Microsoft.VisualStudio.Coverage.Core</ModuleName>
      <Classes />
    </Module>
    <Module skippedDueTo="Filter" hash="71-9B-E1-F7-A6-9B-DF-45-0F-84-65-68-DE-9E-87-26-B2-3F-51-B1">
      <ModulePath>C:\WINDOWS\Microsoft.Net\assembly\GAC_MSIL\netstandard\v4.0_2.0.0.0__cc7b13ffcd2ddd51\netstandard.dll</ModulePath>
      <ModuleTime>2019-12-07T09:10:37.6330785Z</ModuleTime>
      <ModuleName>netstandard</ModuleName>
      <Classes />
    </Module>
    <Module skippedDueTo="Filter" hash="CB-B7-79-D9-D0-BA-D8-BA-DC-70-6A-78-02-70-E8-93-9F-91-99-5E">
      <ModulePath>C:\WINDOWS\Microsoft.Net\assembly\GAC_MSIL\System.ValueTuple\v4.0_4.0.0.0__cc7b13ffcd2ddd51\System.ValueTuple.dll</ModulePath>
      <ModuleTime>2019-12-07T09:10:37.742541Z</ModuleTime>
      <ModuleName>System.ValueTuple</ModuleName>
      <Classes />
    </Module>
    <Module skippedDueTo="Filter" hash="B7-88-55-91-79-CC-62-E3-1E-DF-7A-2C-74-35-F8-CD-B4-30-E7-EC">
      <ModulePath>C:\WINDOWS\Microsoft.Net\assembly\GAC_MSIL\System.Runtime.InteropServices.RuntimeInformation\v4.0_4.0.0.0__b03f5f7f11d50a3a\System.Runtime.InteropServices.RuntimeInformation.dll</ModulePath>
      <ModuleTime>2019-12-07T09:10:36.0558875Z</ModuleTime>
      <ModuleName>System.Runtime.InteropServices.RuntimeInformation</ModuleName>
      <Classes />
    </Module>
    <Module skippedDueTo="Filter" hash="26-1E-69-A6-2A-1B-B8-E8-AF-5C-FC-68-00-21-FB-DC-11-F6-25-E6">
      <ModulePath>C:\Program Files\Microsoft Visual Studio\2022\Professional\Common7\IDE\Extensions\TestPlatform\Extensions\Microsoft.VisualStudio.Coverage.Instrumentation.dll</ModulePath>
      <ModuleTime>2022-07-14T18:04:59.2478104Z</ModuleTime>
      <ModuleName>Microsoft.VisualStudio.Coverage.Instrumentation</ModuleName>
      <Classes />
    </Module>
    <Module skippedDueTo="Filter" hash="67-81-C2-94-B3-EE-7A-ED-E7-45-D7-32-15-A3-B8-86-FD-72-37-5E">
      <ModulePath>C:\Program Files\Microsoft Visual Studio\2022\Professional\Common7\IDE\Extensions\TestPlatform\Extensions\Microsoft.VisualStudio.Coverage.Interprocess.dll</ModulePath>
      <ModuleTime>2022-07-14T18:04:59.2788315Z</ModuleTime>
      <ModuleName>Microsoft.VisualStudio.Coverage.Interprocess</ModuleName>
      <Classes />
    </Module>
    <Module skippedDueTo="Filter" hash="DD-1D-41-E7-AA-EF-E1-D7-77-02-64-A8-12-2D-14-9F-05-C8-14-0D">
      <ModulePath>C:\Program Files\Microsoft Visual Studio\2022\Professional\Common7\IDE\Extensions\TestPlatform\Extensions\Microsoft.VisualStudio.TestPlatform.Extensions.CodedWebTestAdapter.dll</ModulePath>
      <ModuleTime>2022-07-14T18:04:59.3027881Z</ModuleTime>
      <ModuleName>Microsoft.VisualStudio.TestPlatform.Extensions.CodedWebTestAdapter</ModuleName>
      <Classes />
    </Module>
    <Module skippedDueTo="Filter" hash="69-84-5A-EE-D8-5B-19-00-6B-9B-64-1F-FD-EC-64-B1-D5-09-36-4C">
      <ModulePath>C:\Program Files\Microsoft Visual Studio\2022\Professional\Common7\IDE\Extensions\TestPlatform\Extensions\Microsoft.VisualStudio.TestPlatform.Extensions.TmiAdapter.dll</ModulePath>
      <ModuleTime>2022-07-14T18:04:59.3534444Z</ModuleTime>
      <ModuleName>Microsoft.VisualStudio.TestPlatform.Extensions.TmiAdapter</ModuleName>
      <Classes />
    </Module>
    <Module skippedDueTo="Filter" hash="50-E6-B7-7E-0F-8D-F2-B5-45-9A-66-F9-42-E4-91-2E-47-02-55-63">
      <ModulePath>C:\Program Files\Microsoft Visual Studio\2022\Professional\Common7\IDE\Extensions\TestPlatform\Microsoft.VisualStudio.QualityTools.Common.dll</ModulePath>
      <ModuleTime>2022-07-14T18:05:02.0413135Z</ModuleTime>
      <ModuleName>Microsoft.VisualStudio.QualityTools.Common</ModuleName>
      <Classes />
    </Module>
    <Module skippedDueTo="Filter" hash="3A-F4-65-78-CC-47-7A-3A-17-8C-C4-E0-E6-A2-47-48-65-D8-73-AA">
      <ModulePath>C:\Program Files\Microsoft Visual Studio\2022\Professional\Common7\IDE\Extensions\TestPlatform\Extensions\Microsoft.VisualStudio.TestPlatform.Extensions.Html.TestLogger.dll</ModulePath>
      <ModuleTime>2022-07-14T18:04:59.3267885Z</ModuleTime>
      <ModuleName>Microsoft.VisualStudio.TestPlatform.Extensions.Html.TestLogger</ModuleName>
      <Classes />
    </Module>
    <Module skippedDueTo="Filter" hash="3D-71-F9-0E-92-C7-60-39-08-AA-76-07-FA-05-97-D2-C7-7F-4D-DF">
      <ModulePath>C:\Program Files\Microsoft Visual Studio\2022\Professional\Common7\IDE\Extensions\TestPlatform\Extensions\Microsoft.VisualStudio.TestPlatform.Extensions.Trx.TestLogger.dll</ModulePath>
      <ModuleTime>2022-07-14T18:04:59.3870169Z</ModuleTime>
      <ModuleName>Microsoft.VisualStudio.TestPlatform.Extensions.Trx.TestLogger</ModuleName>
      <Classes />
    </Module>
    <Module skippedDueTo="Filter" hash="AA-6F-B2-54-8D-3B-58-3E-20-1F-C5-FE-75-C1-CB-C9-BA-7E-52-10">
      <ModulePath>C:\Program Files\Microsoft Visual Studio\2022\Professional\Common7\IDE\Extensions\TestPlatform\Extensions\Microsoft.VisualStudio.TestPlatform.Extensions.VSTestIntegration.dll</ModulePath>
      <ModuleTime>2022-07-14T18:04:59.4187477Z</ModuleTime>
      <ModuleName>Microsoft.VisualStudio.TestPlatform.Extensions.VSTestIntegration</ModuleName>
      <Classes />
    </Module>
    <Module skippedDueTo="Filter" hash="58-E9-67-FF-B1-65-FF-09-D2-F6-3B-5E-AD-27-71-E7-5A-E5-51-B5">
      <ModulePath>C:\Program Files\Microsoft Visual Studio\2022\Professional\Common7\IDE\Extensions\TestPlatform\Microsoft.VisualStudio.QualityTools.UnitTestFramework.dll</ModulePath>
      <ModuleTime>2022-07-14T18:05:02.2312961Z</ModuleTime>
      <ModuleName>Microsoft.VisualStudio.QualityTools.UnitTestFramework</ModuleName>
      <Classes />
    </Module>
    <Module skippedDueTo="Filter" hash="F8-EE-A4-DE-FA-DD-6E-DA-6E-FE-4C-50-DC-2B-AB-A4-16-0E-D2-00">
      <ModulePath>C:\WINDOWS\Microsoft.Net\assembly\GAC_64\System.Data\v4.0_4.0.0.0__b77a5c561934e089\System.Data.dll</ModulePath>
      <ModuleTime>2021-10-12T02:58:12.9755534Z</ModuleTime>
      <ModuleName>System.Data</ModuleName>
      <Classes />
    </Module>
    <Module skippedDueTo="Filter" hash="67-09-44-17-81-42-EC-DB-6C-68-91-F5-CE-B5-F0-4E-2E-02-23-F5">
      <ModulePath>C:\Program Files\Microsoft Visual Studio\2022\Professional\Common7\IDE\Extensions\TestPlatform\Extensions\Microsoft.VisualStudio.TestPlatform.Extensions.WebTestAdapter.dll</ModulePath>
      <ModuleTime>2022-07-14T18:04:59.4527449Z</ModuleTime>
      <ModuleName>Microsoft.VisualStudio.TestPlatform.Extensions.WebTestAdapter</ModuleName>
      <Classes />
    </Module>
    <Module skippedDueTo="Filter" hash="D2-29-29-87-31-80-F0-55-C0-54-95-65-F8-E1-99-1F-2A-56-F5-A9">
      <ModulePath>C:\Program Files\Microsoft Visual Studio\2022\Professional\Common7\IDE\Extensions\TestPlatform\Extensions\Microsoft.VisualStudio.TestTools.CppUnitTestFramework.ComInterfaces.dll</ModulePath>
      <ModuleTime>2022-07-14T18:04:59.4677582Z</ModuleTime>
      <ModuleName>Microsoft.VisualStudio.TestTools.CppUnitTestFramework.ComInterfaces</ModuleName>
      <Classes />
    </Module>
    <Module skippedDueTo="Filter" hash="C0-C0-F0-C2-42-E6-AB-EA-B3-F3-6A-9C-1F-A7-E0-23-72-57-48-DD">
      <ModulePath>C:\Program Files\Microsoft Visual Studio\2022\Professional\Common7\IDE\Extensions\TestPlatform\Extensions\Microsoft.VisualStudio.TestTools.CppUnitTestFramework.CppUnitTestExtension.dll</ModulePath>
      <ModuleTime>2022-07-14T18:04:59.484764Z</ModuleTime>
      <ModuleName>Microsoft.VisualStudio.TestTools.CppUnitTestFramework.CppUnitTestExtension</ModuleName>
      <Classes />
    </Module>
    <Module skippedDueTo="Filter" hash="19-6D-20-63-7B-AD-D3-80-34-BE-42-5A-36-29-EF-F2-A8-3C-66-E4">
      <ModulePath>C:\Program Files\Microsoft Visual Studio\2022\Professional\Common7\IDE\Extensions\TestPlatform\Extensions\Microsoft.VisualStudio.TestTools.DataCollection.MediaRecorder.Model.dll</ModulePath>
      <ModuleTime>2022-07-14T18:04:59.5047491Z</ModuleTime>
      <ModuleName>Microsoft.VisualStudio.TestTools.DataCollection.MediaRecorder.Model</ModuleName>
      <Classes />
    </Module>
    <Module skippedDueTo="Filter" hash="3D-FC-6A-CB-6D-29-3C-6B-43-81-78-7B-1E-B5-88-81-73-E4-4C-FF">
      <ModulePath>C:\Program Files\Microsoft Visual Studio\2022\Professional\Common7\IDE\Extensions\TestPlatform\Extensions\Microsoft.VisualStudio.TestTools.DataCollection.VideoRecorderCollector.dll</ModulePath>
      <ModuleTime>2022-07-14T18:04:59.5227685Z</ModuleTime>
      <ModuleName>Microsoft.VisualStudio.TestTools.DataCollection.VideoRecorderCollector</ModuleName>
      <Classes />
    </Module>
    <Module skippedDueTo="Filter" hash="19-05-FE-C5-98-B4-8E-16-19-82-E9-8F-41-E8-4E-ED-17-04-09-48">
      <ModulePath>C:\Program Files\Microsoft Visual Studio\2022\Professional\Common7\IDE\Extensions\TestPlatform\Extensions\Microsoft.VisualStudio.TraceDataCollector.dll</ModulePath>
      <ModuleTime>2022-07-14T18:04:59.5477455Z</ModuleTime>
      <ModuleName>Microsoft.VisualStudio.TraceDataCollector</ModuleName>
      <Classes />
    </Module>
    <Module skippedDueTo="Filter" hash="83-9B-C1-F9-40-E0-D7-7D-19-42-63-A2-C0-EB-35-33-A8-3D-2A-5F">
      <ModulePath>C:\Program Files\Microsoft Visual Studio\2022\Professional\Common7\IDE\Extensions\TestPlatform\Extensions\Microsoft.VisualStudio.UwpTestHostRuntimeProvider.dll</ModulePath>
      <ModuleTime>2022-07-14T18:14:53.9236324Z</ModuleTime>
      <ModuleName>Microsoft.VisualStudio.UwpTestHostRuntimeProvider</ModuleName>
      <Classes />
    </Module>
    <Module skippedDueTo="Filter" hash="70-8D-FE-63-2E-CA-91-99-FF-3F-F1-47-9E-9C-C3-39-43-B8-A6-C9">
      <ModulePath>C:\Program Files\Microsoft Visual Studio\2022\Professional\Common7\IDE\Extensions\TestPlatform\Microsoft.VisualStudio.Telemetry.dll</ModulePath>
      <ModuleTime>2022-07-14T18:14:53.964117Z</ModuleTime>
      <ModuleName>Microsoft.VisualStudio.Telemetry</ModuleName>
      <Classes />
    </Module>
    <Module skippedDueTo="Filter" hash="DC-D2-54-3E-83-D4-7F-A9-48-2E-18-31-E2-67-2F-88-1F-5A-4E-1F">
      <ModulePath>C:\Program Files\Microsoft Visual Studio\2022\Professional\Common7\IDE\Extensions\TestPlatform\Microsoft.VisualStudio.UwpTestHostRuntimeProvider.Deployment.dll</ModulePath>
      <ModuleTime>2022-07-14T18:14:53.9710937Z</ModuleTime>
      <ModuleName>Microsoft.VisualStudio.UwpTestHostRuntimeProvider.Deployment</ModuleName>
      <Classes />
    </Module>
    <Module skippedDueTo="Filter" hash="4A-91-07-4F-A2-97-87-9E-CD-8F-23-CD-64-15-B7-8C-19-90-AB-EE">
      <ModulePath>C:\Program Files\Microsoft Visual Studio\2022\Professional\Common7\IDE\Extensions\TestPlatform\Extensions\Mono.Cecil.dll</ModulePath>
      <ModuleTime>2022-07-14T18:04:59.5817706Z</ModuleTime>
      <ModuleName>Mono.Cecil</ModuleName>
      <Classes />
    </Module>
    <Module skippedDueTo="Filter" hash="3F-E4-3B-A7-73-9C-0B-AB-FF-6B-00-CE-D3-CC-83-E3-80-A9-1D-BB">
      <ModulePath>C:\Program Files\Microsoft Visual Studio\2022\Professional\Common7\IDE\Extensions\TestPlatform\Extensions\Mono.Cecil.Pdb.dll</ModulePath>
      <ModuleTime>2022-07-14T18:04:59.6297672Z</ModuleTime>
      <ModuleName>Mono.Cecil.Pdb</ModuleName>
      <Classes />
    </Module>
    <Module skippedDueTo="Filter" hash="A8-7B-5F-D4-18-3C-44-33-4C-F4-60-85-38-3C-B0-E6-15-CC-8D-99">
      <ModulePath>C:\Program Files\Microsoft Visual Studio\2022\Professional\Common7\IDE\Extensions\TestPlatform\Microsoft.TestPlatform.CommunicationUtilities.dll</ModulePath>
      <ModuleTime>2022-07-14T18:05:01.6083021Z</ModuleTime>
      <ModuleName>Microsoft.TestPlatform.CommunicationUtilities</ModuleName>
      <Classes />
    </Module>
    <Module skippedDueTo="Filter" hash="CB-89-F5-5B-FD-E8-D3-4C-86-F4-2B-56-76-79-B4-95-73-3F-A3-18">
      <ModulePath>C:\Program Files\Microsoft Visual Studio\2022\Professional\Common7\IDE\Extensions\TestPlatform\Newtonsoft.Json.dll</ModulePath>
      <ModuleTime>2022-07-14T18:05:02.4693201Z</ModuleTime>
      <ModuleName>Newtonsoft.Json</ModuleName>
      <Classes />
    </Module>
    <Module skippedDueTo="Filter" hash="CD-0A-B7-25-E6-AA-EE-26-77-D5-ED-5E-4F-A0-C1-A5-5C-5C-55-65">
      <ModulePath>C:\Program Files\dotnet\shared\Microsoft.NETCore.App\6.0.7\System.Private.CoreLib.dll</ModulePath>
      <ModuleTime>2022-06-24T16:19:14Z</ModuleTime>
      <ModuleName>System.Private.CoreLib</ModuleName>
      <Classes />
    </Module>
    <Module skippedDueTo="Filter" hash="EC-A3-7A-DC-36-47-6A-55-9B-96-0D-C4-DE-04-32-5B-4A-BE-6B-E0">
      <ModulePath>D:\Users\Iain.Stevenson\Desktop\network.monitor\src\netmon.core.tests\bin\Debug\net6.0\testhost.dll</ModulePath>
      <ModuleTime>2022-02-16T03:15:52Z</ModuleTime>
      <ModuleName>testhost</ModuleName>
      <Classes />
    </Module>
    <Module skippedDueTo="Filter" hash="CF-FF-2A-10-90-11-94-7C-55-D1-BB-85-6C-08-C6-81-49-C6-97-CE">
      <ModulePath>C:\Program Files\dotnet\shared\Microsoft.NETCore.App\6.0.7\System.Runtime.dll</ModulePath>
      <ModuleTime>2022-06-24T16:19:30Z</ModuleTime>
      <ModuleName>System.Runtime</ModuleName>
      <Classes />
    </Module>
    <Module skippedDueTo="Filter" hash="1B-3F-A6-DD-2E-A3-29-4B-0F-A1-FB-B4-99-85-F5-6C-09-1B-A1-14">
      <ModulePath>D:\Users\Iain.Stevenson\Desktop\network.monitor\src\netmon.core.tests\bin\Debug\net6.0\Microsoft.TestPlatform.CoreUtilities.dll</ModulePath>
      <ModuleTime>2022-02-16T03:09:06Z</ModuleTime>
      <ModuleName>Microsoft.TestPlatform.CoreUtilities</ModuleName>
      <Classes />
    </Module>
    <Module skippedDueTo="Filter" hash="7D-DD-92-50-58-03-86-D9-36-94-07-6D-8E-79-DD-76-40-B8-F9-F3">
      <ModulePath>C:\Program Files\dotnet\shared\Microsoft.NETCore.App\6.0.7\netstandard.dll</ModulePath>
      <ModuleTime>2022-06-24T16:18:14Z</ModuleTime>
      <ModuleName>netstandard</ModuleName>
      <Classes />
    </Module>
    <Module skippedDueTo="Filter" hash="CD-A7-D6-0D-E2-17-F9-C4-94-BB-C0-61-1F-37-2C-D9-D5-71-55-97">
      <ModulePath>C:\Program Files\dotnet\shared\Microsoft.NETCore.App\6.0.7\System.Diagnostics.Tracing.dll</ModulePath>
      <ModuleTime>2022-06-24T16:19:26Z</ModuleTime>
      <ModuleName>System.Diagnostics.Tracing</ModuleName>
      <Classes />
    </Module>
    <Module skippedDueTo="Filter" hash="37-FA-75-DB-41-22-11-35-4D-11-8B-E6-A8-5F-69-BA-1A-FC-FB-DF">
      <ModulePath>D:\Users\Iain.Stevenson\Desktop\network.monitor\src\netmon.core.tests\bin\Debug\net6.0\Microsoft.TestPlatform.PlatformAbstractions.dll</ModulePath>
      <ModuleTime>2022-02-16T03:15:52Z</ModuleTime>
      <ModuleName>Microsoft.TestPlatform.PlatformAbstractions</ModuleName>
      <Classes />
    </Module>
    <Module skippedDueTo="Filter" hash="5F-96-D6-C8-DA-77-B3-32-2C-A4-B3-BF-70-B4-F0-78-82-E0-97-E1">
      <ModulePath>C:\Program Files\dotnet\shared\Microsoft.NETCore.App\6.0.7\System.Runtime.Extensions.dll</ModulePath>
      <ModuleTime>2022-06-24T16:19:30Z</ModuleTime>
      <ModuleName>System.Runtime.Extensions</ModuleName>
      <Classes />
    </Module>
    <Module skippedDueTo="Filter" hash="54-0C-FC-29-4F-28-40-F8-50-28-B9-5E-15-BD-5A-8F-DE-D0-D2-AD">
      <ModulePath>C:\Program Files\dotnet\shared\Microsoft.NETCore.App\6.0.7\System.Diagnostics.Process.dll</ModulePath>
      <ModuleTime>2022-06-24T16:18:22Z</ModuleTime>
      <ModuleName>System.Diagnostics.Process</ModuleName>
      <Classes />
    </Module>
    <Module skippedDueTo="Filter" hash="DE-A6-A3-40-C9-E6-8D-12-3F-8D-C0-E4-BB-04-3B-53-92-40-98-B0">
      <ModulePath>C:\Program Files\dotnet\shared\Microsoft.NETCore.App\6.0.7\System.ComponentModel.Primitives.dll</ModulePath>
      <ModuleTime>2022-06-24T16:18:20Z</ModuleTime>
      <ModuleName>System.ComponentModel.Primitives</ModuleName>
      <Classes />
    </Module>
    <Module skippedDueTo="Filter" hash="AD-5B-48-ED-0E-06-B9-CA-E9-EE-2E-7D-AE-D5-18-C3-8B-5F-99-BE">
      <ModulePath>C:\Program Files\dotnet\shared\Microsoft.NETCore.App\6.0.7\System.Diagnostics.Debug.dll</ModulePath>
      <ModuleTime>2022-06-24T16:19:26Z</ModuleTime>
      <ModuleName>System.Diagnostics.Debug</ModuleName>
      <Classes />
    </Module>
    <Module skippedDueTo="Filter" hash="51-02-E4-76-42-83-BA-63-78-D4-26-22-7D-2D-5F-1F-25-77-C9-96">
      <ModulePath>C:\Program Files\dotnet\shared\Microsoft.NETCore.App\6.0.7\System.Threading.Thread.dll</ModulePath>
      <ModuleTime>2022-06-24T16:19:32Z</ModuleTime>
      <ModuleName>System.Threading.Thread</ModuleName>
      <Classes />
    </Module>
    <Module skippedDueTo="Filter" hash="89-93-43-98-4F-02-2A-F7-04-6F-A3-50-DA-4B-78-68-F8-F1-E5-6F">
      <ModulePath>C:\Program Files\dotnet\shared\Microsoft.NETCore.App\6.0.7\System.Collections.dll</ModulePath>
      <ModuleTime>2022-06-24T16:18:20Z</ModuleTime>
      <ModuleName>System.Collections</ModuleName>
      <Classes />
    </Module>
    <Module skippedDueTo="Filter" hash="3C-D8-86-D3-8B-87-65-70-A8-F9-B9-63-24-D5-66-AF-BE-55-7A-40">
      <ModulePath>D:\Users\Iain.Stevenson\Desktop\network.monitor\src\netmon.core.tests\bin\Debug\net6.0\Microsoft.TestPlatform.CrossPlatEngine.dll</ModulePath>
      <ModuleTime>2022-02-16T03:15:26Z</ModuleTime>
      <ModuleName>Microsoft.TestPlatform.CrossPlatEngine</ModuleName>
      <Classes />
    </Module>
    <Module skippedDueTo="Filter" hash="D0-91-FC-03-6F-49-64-3B-A4-C8-2D-7A-5A-80-1F-A5-B3-49-01-96">
      <ModulePath>D:\Users\Iain.Stevenson\Desktop\network.monitor\src\netmon.core.tests\bin\Debug\net6.0\Microsoft.TestPlatform.CommunicationUtilities.dll</ModulePath>
      <ModuleTime>2022-02-16T03:15:54Z</ModuleTime>
      <ModuleName>Microsoft.TestPlatform.CommunicationUtilities</ModuleName>
      <Classes />
    </Module>
    <Module skippedDueTo="Filter" hash="52-CF-87-A5-21-F3-1F-90-DE-9E-5E-EC-76-2C-3B-A8-35-0A-05-92">
      <ModulePath>D:\Users\Iain.Stevenson\Desktop\network.monitor\src\netmon.core.tests\bin\Debug\net6.0\Microsoft.VisualStudio.TestPlatform.ObjectModel.dll</ModulePath>
      <ModuleTime>2022-02-16T03:10:12Z</ModuleTime>
      <ModuleName>Microsoft.VisualStudio.TestPlatform.ObjectModel</ModuleName>
      <Classes />
    </Module>
    <Module skippedDueTo="Filter" hash="4B-54-7A-7E-72-AB-13-4E-99-95-81-5B-6F-69-4E-29-A1-E2-83-A9">
      <ModulePath>D:\Users\Iain.Stevenson\Desktop\network.monitor\src\netmon.core.tests\bin\Debug\net6.0\Microsoft.VisualStudio.TestPlatform.Common.dll</ModulePath>
      <ModuleTime>2022-02-16T03:15:54Z</ModuleTime>
      <ModuleName>Microsoft.VisualStudio.TestPlatform.Common</ModuleName>
      <Classes />
    </Module>
    <Module skippedDueTo="Filter" hash="E3-67-3D-05-D4-6F-29-E6-82-41-D4-53-6B-DD-F1-8C-DD-0A-91-3D">
      <ModulePath>D:\Users\Iain.Stevenson\Desktop\network.monitor\src\netmon.core.tests\bin\Debug\net6.0\Newtonsoft.Json.dll</ModulePath>
      <ModuleTime>2021-03-17T20:03:36Z</ModuleTime>
      <ModuleName>Newtonsoft.Json</ModuleName>
      <Classes />
    </Module>
    <Module skippedDueTo="Filter" hash="00-6B-62-A7-6C-A1-4A-A3-0B-CD-C9-58-3B-E9-8F-99-04-1C-74-FE">
      <ModulePath>C:\Program Files\dotnet\shared\Microsoft.NETCore.App\6.0.7\System.Runtime.Serialization.Formatters.dll</ModulePath>
      <ModuleTime>2022-06-24T16:19:16Z</ModuleTime>
      <ModuleName>System.Runtime.Serialization.Formatters</ModuleName>
      <Classes />
    </Module>
    <Module skippedDueTo="Filter" hash="8E-31-CE-E9-5D-94-A5-BF-43-4B-7F-C4-F1-39-B9-10-CA-58-93-95">
      <ModulePath>C:\Program Files\dotnet\shared\Microsoft.NETCore.App\6.0.7\System.Collections.Concurrent.dll</ModulePath>
      <ModuleTime>2022-06-24T16:18:20Z</ModuleTime>
      <ModuleName>System.Collections.Concurrent</ModuleName>
      <Classes />
    </Module>
    <Module skippedDueTo="Filter" hash="87-31-31-EB-5B-22-25-9A-C6-2E-A5-4E-3E-67-0B-25-5E-2D-5E-00">
      <ModulePath>C:\Program Files\dotnet\shared\Microsoft.NETCore.App\6.0.7\System.Diagnostics.TraceSource.dll</ModulePath>
      <ModuleTime>2022-06-24T16:18:24Z</ModuleTime>
      <ModuleName>System.Diagnostics.TraceSource</ModuleName>
      <Classes />
    </Module>
    <Module skippedDueTo="Filter" hash="C9-AB-DD-60-2D-95-CE-EF-3B-D0-A9-C3-5C-86-D0-1C-F1-B1-77-F8">
      <ModulePath>C:\Program Files\dotnet\shared\Microsoft.NETCore.App\6.0.7\System.Threading.dll</ModulePath>
      <ModuleTime>2022-06-24T16:19:18Z</ModuleTime>
      <ModuleName>System.Threading</ModuleName>
      <Classes />
    </Module>
    <Module skippedDueTo="Filter" hash="42-90-C6-97-6C-41-AC-FB-13-3A-ED-F5-EC-75-07-46-E8-A4-F0-00">
      <ModulePath>C:\Program Files\dotnet\shared\Microsoft.NETCore.App\6.0.7\System.Runtime.InteropServices.RuntimeInformation.dll</ModulePath>
      <ModuleTime>2022-06-24T16:19:14Z</ModuleTime>
      <ModuleName>System.Runtime.InteropServices.RuntimeInformation</ModuleName>
      <Classes />
    </Module>
    <Module skippedDueTo="Filter" hash="E1-22-D5-15-EF-DF-12-81-90-AE-74-51-80-43-C3-25-30-2C-6C-06">
      <ModulePath>C:\Program Files\dotnet\shared\Microsoft.NETCore.App\6.0.7\System.Memory.dll</ModulePath>
      <ModuleTime>2022-06-24T16:19:08Z</ModuleTime>
      <ModuleName>System.Memory</ModuleName>
      <Classes />
    </Module>
    <Module skippedDueTo="Filter" hash="27-F8-1F-7C-21-24-E4-F3-1E-42-2C-D8-62-D6-A9-89-BD-CA-88-E5">
      <ModulePath>C:\Program Files\dotnet\shared\Microsoft.NETCore.App\6.0.7\System.Threading.ThreadPool.dll</ModulePath>
      <ModuleTime>2022-06-24T16:20:00Z</ModuleTime>
      <ModuleName>System.Threading.ThreadPool</ModuleName>
      <Classes />
    </Module>
    <Module skippedDueTo="Filter" hash="0A-D1-D6-73-99-42-B3-D3-91-74-7A-4D-F2-5F-42-29-14-BD-56-BF">
      <ModulePath>C:\Program Files\dotnet\shared\Microsoft.NETCore.App\6.0.7\System.Runtime.InteropServices.dll</ModulePath>
      <ModuleTime>2022-06-24T16:19:16Z</ModuleTime>
      <ModuleName>System.Runtime.InteropServices</ModuleName>
      <Classes />
    </Module>
    <Module skippedDueTo="Filter" hash="44-91-CA-7F-8E-3B-13-AB-86-F3-87-1D-4C-CB-32-9D-08-73-92-B4">
      <ModulePath>C:\Program Files\dotnet\shared\Microsoft.NETCore.App\6.0.7\Microsoft.Win32.Primitives.dll</ModulePath>
      <ModuleTime>2022-06-24T16:18:18Z</ModuleTime>
      <ModuleName>Microsoft.Win32.Primitives</ModuleName>
      <Classes />
    </Module>
    <Module skippedDueTo="Filter" hash="19-50-33-E4-31-24-55-AE-FB-E8-FE-E2-9D-2D-E9-97-63-50-D6-91">
      <ModulePath>C:\Program Files\dotnet\shared\Microsoft.NETCore.App\6.0.7\System.Net.Primitives.dll</ModulePath>
      <ModuleTime>2022-06-24T16:19:18Z</ModuleTime>
      <ModuleName>System.Net.Primitives</ModuleName>
      <Classes />
    </Module>
    <Module skippedDueTo="Filter" hash="8D-E4-8A-B9-76-89-C9-F4-D7-50-35-73-A7-1A-60-5B-9E-90-44-CD">
      <ModulePath>C:\Program Files\dotnet\shared\Microsoft.NETCore.App\6.0.7\System.Net.Sockets.dll</ModulePath>
      <ModuleTime>2022-06-24T16:19:12Z</ModuleTime>
      <ModuleName>System.Net.Sockets</ModuleName>
      <Classes />
    </Module>
    <Module skippedDueTo="Filter" hash="6B-F3-B6-C3-96-69-D3-AD-C2-B2-7D-55-C5-85-D4-B8-AE-BD-EA-D4">
      <ModulePath>C:\Program Files\dotnet\shared\Microsoft.NETCore.App\6.0.7\System.Private.Uri.dll</ModulePath>
      <ModuleTime>2022-06-24T16:19:10Z</ModuleTime>
      <ModuleName>System.Private.Uri</ModuleName>
      <Classes />
    </Module>
    <Module skippedDueTo="Filter" hash="30-DB-DC-A0-E5-F8-95-FF-87-AA-29-2E-83-9A-AF-98-01-FB-99-5D">
      <ModulePath>C:\Program Files\dotnet\shared\Microsoft.NETCore.App\6.0.7\System.Threading.Overlapped.dll</ModulePath>
      <ModuleTime>2022-06-24T16:19:58Z</ModuleTime>
      <ModuleName>System.Threading.Overlapped</ModuleName>
      <Classes />
    </Module>
    <Module skippedDueTo="Filter" hash="43-F3-56-07-A4-36-04-65-02-B8-6E-DA-43-D8-74-19-B9-44-30-E1">
      <ModulePath>C:\WINDOWS\Microsoft.Net\assembly\GAC_MSIL\System.Numerics\v4.0_4.0.0.0__b77a5c561934e089\System.Numerics.dll</ModulePath>
      <ModuleTime>2019-12-07T09:10:37.6330785Z</ModuleTime>
      <ModuleName>System.Numerics</ModuleName>
      <Classes />
    </Module>
    <Module skippedDueTo="Filter" hash="C4-99-6B-7A-56-FF-E8-DE-FB-FA-31-50-63-E1-E6-5E-8F-90-7E-66">
      <ModulePath>C:\WINDOWS\Microsoft.Net\assembly\GAC_MSIL\System.Runtime.Serialization\v4.0_4.0.0.0__b77a5c561934e089\System.Runtime.Serialization.dll</ModulePath>
      <ModuleTime>2021-10-12T03:15:24.8586707Z</ModuleTime>
      <ModuleName>System.Runtime.Serialization</ModuleName>
      <Classes />
    </Module>
    <Module skippedDueTo="Filter" hash="76-4F-F2-57-05-34-3B-14-F0-74-D8-74-52-87-6D-06-AD-25-14-77">
      <ModulePath>C:\WINDOWS\Microsoft.Net\assembly\GAC_MSIL\System.Xml.Linq\v4.0_4.0.0.0__b77a5c561934e089\System.Xml.Linq.dll</ModulePath>
      <ModuleTime>2019-12-07T09:10:35.962301Z</ModuleTime>
      <ModuleName>System.Xml.Linq</ModuleName>
      <Classes />
    </Module>
    <Module skippedDueTo="Filter" hash="47-D2-B6-60-E3-90-28-7E-C7-66-9B-92-E8-31-43-5A-91-22-B2-E4">
      <ModulePath>C:\Program Files\dotnet\shared\Microsoft.NETCore.App\6.0.7\System.Linq.Expressions.dll</ModulePath>
      <ModuleTime>2022-06-24T16:19:08Z</ModuleTime>
      <ModuleName>System.Linq.Expressions</ModuleName>
      <Classes />
    </Module>
    <Module skippedDueTo="Filter" hash="17-B7-65-44-34-7E-4A-07-04-C8-16-35-A2-E6-40-BB-66-5C-E8-CD">
      <ModulePath>C:\Program Files\dotnet\shared\Microsoft.NETCore.App\6.0.7\System.Runtime.Numerics.dll</ModulePath>
      <ModuleTime>2022-06-24T16:19:14Z</ModuleTime>
      <ModuleName>System.Runtime.Numerics</ModuleName>
      <Classes />
    </Module>
    <Module skippedDueTo="Filter" hash="17-D3-6D-5E-33-8B-F2-DD-2C-27-A4-13-E5-54-3F-35-88-68-BF-72">
      <ModulePath>C:\Program Files\dotnet\shared\Microsoft.NETCore.App\6.0.7\System.Linq.dll</ModulePath>
      <ModuleTime>2022-06-24T16:19:06Z</ModuleTime>
      <ModuleName>System.Linq</ModuleName>
      <Classes />
    </Module>
    <Module skippedDueTo="Filter" hash="88-FD-4C-36-B2-4F-92-1B-F2-94-F1-83-81-8B-A9-6E-21-61-D0-30">
      <ModulePath>C:\Program Files\dotnet\shared\Microsoft.NETCore.App\6.0.7\System.ComponentModel.TypeConverter.dll</ModulePath>
      <ModuleTime>2022-06-24T16:18:22Z</ModuleTime>
      <ModuleName>System.ComponentModel.TypeConverter</ModuleName>
      <Classes />
    </Module>
    <Module skippedDueTo="Filter" hash="88-C7-C2-F6-8E-05-EE-D7-E2-BB-E6-92-8B-B2-C2-47-2F-69-63-1C">
      <ModulePath>C:\Program Files\dotnet\shared\Microsoft.NETCore.App\6.0.7\System.ObjectModel.dll</ModulePath>
      <ModuleTime>2022-06-24T16:19:12Z</ModuleTime>
      <ModuleName>System.ObjectModel</ModuleName>
      <Classes />
    </Module>
    <Module skippedDueTo="Filter" hash="D2-51-DA-92-C9-B9-E5-D6-39-1B-08-D9-5D-F6-22-F9-00-EE-25-5C">
      <ModulePath>C:\Program Files\dotnet\shared\Microsoft.NETCore.App\6.0.7\System.Runtime.Serialization.Primitives.dll</ModulePath>
      <ModuleTime>2022-06-24T16:19:14Z</ModuleTime>
      <ModuleName>System.Runtime.Serialization.Primitives</ModuleName>
      <Classes />
    </Module>
    <Module skippedDueTo="Filter" hash="5C-1B-60-51-CD-7B-DC-92-53-B4-A6-A0-86-10-6D-07-C1-C6-66-4A">
      <ModulePath>C:\Program Files\dotnet\shared\Microsoft.NETCore.App\6.0.7\System.Data.Common.dll</ModulePath>
      <ModuleTime>2022-06-24T16:18:22Z</ModuleTime>
      <ModuleName>System.Data.Common</ModuleName>
      <Classes />
    </Module>
    <Module skippedDueTo="Filter" hash="96-69-50-F6-8A-36-32-BE-6D-78-C8-78-FB-FC-7A-F0-B5-1D-80-39">
      <ModulePath>C:\Program Files\dotnet\shared\Microsoft.NETCore.App\6.0.7\System.Xml.ReaderWriter.dll</ModulePath>
      <ModuleTime>2022-06-24T16:18:22Z</ModuleTime>
      <ModuleName>System.Xml.ReaderWriter</ModuleName>
      <Classes />
    </Module>
    <Module skippedDueTo="Filter" hash="50-A3-A3-C6-3B-85-31-69-0A-2B-F4-E3-BB-9A-E4-B1-1A-EC-1B-D1">
      <ModulePath>C:\Program Files\dotnet\shared\Microsoft.NETCore.App\6.0.7\System.Private.Xml.dll</ModulePath>
      <ModuleTime>2022-06-24T16:19:42Z</ModuleTime>
      <ModuleName>System.Private.Xml</ModuleName>
      <Classes />
    </Module>
    <Module skippedDueTo="Filter" hash="56-A8-80-A2-3A-AE-53-E9-16-5E-09-0F-96-4E-27-1D-31-86-DB-FF">
      <ModulePath>C:\Program Files\dotnet\shared\Microsoft.NETCore.App\6.0.7\System.ComponentModel.dll</ModulePath>
      <ModuleTime>2022-06-24T16:18:20Z</ModuleTime>
      <ModuleName>System.ComponentModel</ModuleName>
      <Classes />
    </Module>
    <Module skippedDueTo="Filter" hash="EC-44-F8-7F-35-FC-34-76-EC-8F-11-98-06-1E-40-7E-D9-20-A1-87">
      <ModulePath>C:\Program Files\dotnet\shared\Microsoft.NETCore.App\6.0.7\System.Reflection.Emit.ILGeneration.dll</ModulePath>
      <ModuleTime>2022-06-24T16:20:00Z</ModuleTime>
      <ModuleName>System.Reflection.Emit.ILGeneration</ModuleName>
      <Classes />
    </Module>
    <Module skippedDueTo="Filter" hash="15-19-43-C5-C0-7A-75-FF-9F-27-B3-66-76-20-55-D6-31-90-E1-E1">
      <ModulePath>C:\Program Files\dotnet\shared\Microsoft.NETCore.App\6.0.7\System.Reflection.Emit.Lightweight.dll</ModulePath>
      <ModuleTime>2022-06-24T16:19:30Z</ModuleTime>
      <ModuleName>System.Reflection.Emit.Lightweight</ModuleName>
      <Classes />
    </Module>
    <Module skippedDueTo="Filter" hash="A4-8A-2A-33-29-46-9B-1A-41-3E-B8-96-08-B0-55-FD-22-AE-AF-36">
      <ModulePath>C:\Program Files\dotnet\shared\Microsoft.NETCore.App\6.0.7\System.Reflection.Primitives.dll</ModulePath>
      <ModuleTime>2022-06-24T16:19:28Z</ModuleTime>
      <ModuleName>System.Reflection.Primitives</ModuleName>
      <Classes />
    </Module>
    <Module skippedDueTo="Filter" hash="">
      <ModulePath>RefEmit_InMemoryManifestModule</ModulePath>
      <ModuleTime>0001-01-01T00:00:00</ModuleTime>
      <ModuleName>Anonymously Hosted DynamicMethods Assembly</ModuleName>
      <Classes />
    </Module>
    <Module skippedDueTo="Filter" hash="9E-D9-30-F6-FA-9B-79-E9-10-04-D3-7D-F6-C6-D6-F5-3F-05-25-44">
      <ModulePath>C:\Program Files\dotnet\shared\Microsoft.NETCore.App\6.0.7\System.Collections.NonGeneric.dll</ModulePath>
      <ModuleTime>2022-06-24T16:18:18Z</ModuleTime>
      <ModuleName>System.Collections.NonGeneric</ModuleName>
      <Classes />
    </Module>
    <Module skippedDueTo="Filter" hash="6D-75-C2-D2-4D-A5-1A-56-48-45-42-DE-40-66-66-F1-3B-7E-2C-8F">
      <ModulePath>C:\Program Files\dotnet\shared\Microsoft.NETCore.App\6.0.7\System.Runtime.Loader.dll</ModulePath>
      <ModuleTime>2022-06-24T16:19:28Z</ModuleTime>
      <ModuleName>System.Runtime.Loader</ModuleName>
      <Classes />
    </Module>
    <Module skippedDueTo="Filter" hash="A3-F2-2D-13-E1-48-13-E4-6D-23-94-E0-4F-2F-A2-7E-4F-E0-34-82">
      <ModulePath>D:\Users\Iain.Stevenson\Desktop\network.monitor\src\netmon.core.tests\bin\Debug\net6.0\NUnit3.TestAdapter.dll</ModulePath>
      <ModuleTime>2022-01-21T13:24:20Z</ModuleTime>
      <ModuleName>NUnit3.TestAdapter</ModuleName>
      <Classes />
    </Module>
    <Module skippedDueTo="Filter" hash="75-2E-C4-7B-01-67-6B-6A-AE-8A-FF-81-E6-3D-B3-22-A5-10-2E-D2">
      <ModulePath>C:\Program Files\dotnet\shared\Microsoft.NETCore.App\6.0.7\System.Resources.ResourceManager.dll</ModulePath>
      <ModuleTime>2022-06-24T16:19:58Z</ModuleTime>
      <ModuleName>System.Resources.ResourceManager</ModuleName>
      <Classes />
    </Module>
    <Module skippedDueTo="Filter" hash="96-D0-C4-87-C8-40-0D-BD-4D-8E-EC-B7-96-C0-E2-F5-A6-CB-B6-97">
      <ModulePath>D:\Users\Iain.Stevenson\Desktop\network.monitor\src\netmon.core.tests\bin\Debug\net6.0\nunit.engine.api.dll</ModulePath>
      <ModuleTime>2022-01-06T01:40:56Z</ModuleTime>
      <ModuleName>nunit.engine.api</ModuleName>
      <Classes />
    </Module>
    <Module skippedDueTo="Filter" hash="12-A1-4B-3F-96-1A-6E-A5-41-0F-46-9E-64-09-DC-03-FF-F3-B7-EB">
      <ModulePath>C:\Program Files\dotnet\shared\Microsoft.NETCore.App\6.0.7\System.Runtime.CompilerServices.Unsafe.dll</ModulePath>
      <ModuleTime>2022-06-24T16:19:12Z</ModuleTime>
      <ModuleName>System.Runtime.CompilerServices.Unsafe</ModuleName>
      <Classes />
    </Module>
    <Module skippedDueTo="Filter" hash="BE-4C-E5-AD-92-B1-4A-A6-BB-C5-87-CE-16-75-14-55-66-70-CC-A9">
      <ModulePath>C:\Program Files\dotnet\shared\Microsoft.NETCore.App\6.0.7\System.IO.FileSystem.dll</ModulePath>
      <ModuleTime>2022-06-24T16:18:12Z</ModuleTime>
      <ModuleName>System.IO.FileSystem</ModuleName>
      <Classes />
    </Module>
    <Module skippedDueTo="Filter" hash="4B-4A-CF-D1-96-7C-D2-90-6B-76-84-54-B2-53-55-04-17-AA-9F-03">
      <ModulePath>D:\Users\Iain.Stevenson\Desktop\network.monitor\src\netmon.core.tests\bin\Debug\net6.0\NuGet.Frameworks.dll</ModulePath>
      <ModuleTime>2021-06-01T20:46:32Z</ModuleTime>
      <ModuleName>NuGet.Frameworks</ModuleName>
      <Classes />
    </Module>
    <Module skippedDueTo="Filter" hash="DB-A7-B8-54-85-10-11-E0-86-DF-C5-86-14-77-5A-FF-84-5A-9E-3B">
      <ModulePath>C:\Program Files\dotnet\shared\Microsoft.NETCore.App\6.0.7\System.Reflection.Metadata.dll</ModulePath>
      <ModuleTime>2022-06-24T16:19:42Z</ModuleTime>
      <ModuleName>System.Reflection.Metadata</ModuleName>
      <Classes />
    </Module>
    <Module skippedDueTo="Filter" hash="2A-1C-73-0F-42-71-AD-DE-82-95-67-4B-68-B0-45-AC-08-BE-BC-AB">
      <ModulePath>C:\Program Files\dotnet\shared\Microsoft.NETCore.App\6.0.7\System.Collections.Immutable.dll</ModulePath>
      <ModuleTime>2022-06-24T16:18:20Z</ModuleTime>
      <ModuleName>System.Collections.Immutable</ModuleName>
      <Classes />
    </Module>
    <Module skippedDueTo="Filter" hash="30-0A-E3-49-7F-A8-08-F6-49-91-DD-9E-FF-E3-2E-AD-F8-83-27-E5">
      <ModulePath>D:\Users\Iain.Stevenson\Desktop\network.monitor\src\netmon.core.tests\bin\Debug\net6.0\nunit.engine.dll</ModulePath>
      <ModuleTime>2022-01-06T01:40:58Z</ModuleTime>
      <ModuleName>nunit.engine</ModuleName>
      <Classes />
    </Module>
    <Module skippedDueTo="Filter" hash="DA-DF-86-66-54-9A-05-26-75-1F-C3-FF-33-E6-1E-C8-99-D9-90-56">
      <ModulePath>D:\Users\Iain.Stevenson\Desktop\network.monitor\src\netmon.core.tests\bin\Debug\net6.0\nunit.engine.core.dll</ModulePath>
      <ModuleTime>2022-01-06T01:40:58Z</ModuleTime>
      <ModuleName>nunit.engine.core</ModuleName>
      <Classes />
    </Module>
    <Module skippedDueTo="Filter" hash="51-93-66-ED-6B-DA-CB-0A-B5-25-31-9C-85-3B-6B-51-49-59-27-4B">
      <ModulePath>C:\Program Files\dotnet\shared\Microsoft.NETCore.App\6.0.7\System.Text.Encoding.Extensions.dll</ModulePath>
      <ModuleTime>2022-06-24T16:20:00Z</ModuleTime>
      <ModuleName>System.Text.Encoding.Extensions</ModuleName>
      <Classes />
    </Module>
    <Module skippedDueTo="Filter" hash="65-32-64-70-38-F6-EF-4B-97-25-D3-F0-CE-49-16-27-54-AC-B2-85">
      <ModulePath>D:\Users\Iain.Stevenson\Desktop\network.monitor\src\netmon.core.tests\bin\Debug\net6.0\testcentric.engine.metadata.dll</ModulePath>
      <ModuleTime>2021-10-30T18:40:34Z</ModuleTime>
      <ModuleName>testcentric.engine.metadata</ModuleName>
      <Classes />
    </Module>
    <Module hash="D5-A6-E9-06-8F-F7-BE-D2-18-F1-8D-75-FD-C9-56-12-E5-FC-56-6A">
      <Summary numSequencePoints="245" visitedSequencePoints="239" numBranchPoints="77" visitedBranchPoints="59" sequenceCoverage="97.55" branchCoverage="76.62" maxCyclomaticComplexity="11" minCyclomaticComplexity="1" maxCrapScore="11" minCrapScore="1" visitedClasses="17" numClasses="18" visitedMethods="40" numMethods="41" />
      <ModulePath>D:\Users\Iain.Stevenson\Desktop\network.monitor\src\netmon.core.tests\bin\Debug\net6.0\netmon.core.tests.dll</ModulePath>
      <ModuleTime>2022-07-21T09:28:31.8782118Z</ModuleTime>
      <ModuleName>netmon.core.tests</ModuleName>
      <Files>
        <File uid="1" fullPath="C:\Users\Iain.Stevenson\.nuget\packages\microsoft.net.test.sdk\17.1.0\build\netcoreapp2.1\Microsoft.NET.Test.Sdk.Program.cs" />
        <File uid="2" fullPath="D:\Users\Iain.Stevenson\Desktop\network.monitor\src\netmon.core.tests\HostAddressTypeHandlerTests.cs" />
        <File uid="3" fullPath="D:\Users\Iain.Stevenson\Desktop\network.monitor\src\netmon.core.tests\InMemoryStorageTests.cs" />
        <File uid="4" fullPath="D:\Users\Iain.Stevenson\Desktop\network.monitor\src\netmon.core.tests\IpAddressExtensionsTests.cs" />
        <File uid="5" fullPath="D:\Users\Iain.Stevenson\Desktop\network.monitor\src\netmon.core.tests\MonitorOrchestratorTests.cs" />
        <File uid="9" fullPath="D:\Users\Iain.Stevenson\Desktop\network.monitor\src\netmon.core.tests\PingHandlerTests.cs" />
        <File uid="12" fullPath="D:\Users\Iain.Stevenson\Desktop\network.monitor\src\netmon.core.tests\PingOrchestratorTests.cs" />
        <File uid="14" fullPath="D:\Users\Iain.Stevenson\Desktop\network.monitor\src\netmon.core.tests\SerialisationTests.cs" />
        <File uid="15" fullPath="D:\Users\Iain.Stevenson\Desktop\network.monitor\src\netmon.core.tests\TestBase.cs" />
        <File uid="16" fullPath="D:\Users\Iain.Stevenson\Desktop\network.monitor\src\netmon.core.tests\TestConditions.cs" />
        <File uid="17" fullPath="D:\Users\Iain.Stevenson\Desktop\network.monitor\src\netmon.core.tests\TraceRouteOrchestratorTests.cs" />
      </Files>
      <Classes>
        <Class>
          <Summary numSequencePoints="0" visitedSequencePoints="0" numBranchPoints="0" visitedBranchPoints="0" sequenceCoverage="0" branchCoverage="0" maxCyclomaticComplexity="0" minCyclomaticComplexity="0" maxCrapScore="0" minCrapScore="0" visitedClasses="0" numClasses="0" visitedMethods="0" numMethods="0" />
          <FullName>&lt;Module&gt;</FullName>
          <Methods />
        </Class>
        <Class>
          <Summary numSequencePoints="0" visitedSequencePoints="0" numBranchPoints="0" visitedBranchPoints="0" sequenceCoverage="0" branchCoverage="0" maxCyclomaticComplexity="1" minCyclomaticComplexity="1" maxCrapScore="2" minCrapScore="2" visitedClasses="0" numClasses="0" visitedMethods="0" numMethods="0" />
          <FullName>Microsoft.CodeAnalysis.EmbeddedAttribute</FullName>
          <Methods>
            <Method visited="false" cyclomaticComplexity="1" nPathComplexity="0" sequenceCoverage="0" branchCoverage="0" crapScore="2" isConstructor="true" isStatic="false" isGetter="false" isSetter="false">
              <Summary numSequencePoints="0" visitedSequencePoints="0" numBranchPoints="0" visitedBranchPoints="0" sequenceCoverage="0" branchCoverage="0" maxCyclomaticComplexity="1" minCyclomaticComplexity="1" maxCrapScore="2" minCrapScore="2" visitedClasses="0" numClasses="0" visitedMethods="0" numMethods="0" />
              <MetadataToken>100663297</MetadataToken>
              <Name>System.Void Microsoft.CodeAnalysis.EmbeddedAttribute::.ctor()</Name>
              <SequencePoints />
              <BranchPoints />
              <MethodPoint vc="0" uspid="1" ordinal="0" offset="0" />
            </Method>
          </Methods>
        </Class>
        <Class>
          <Summary numSequencePoints="0" visitedSequencePoints="0" numBranchPoints="0" visitedBranchPoints="0" sequenceCoverage="0" branchCoverage="0" maxCyclomaticComplexity="1" minCyclomaticComplexity="1" maxCrapScore="2" minCrapScore="2" visitedClasses="0" numClasses="0" visitedMethods="0" numMethods="0" />
          <FullName>System.Runtime.CompilerServices.NullableAttribute</FullName>
          <Methods>
            <Method visited="false" cyclomaticComplexity="1" nPathComplexity="0" sequenceCoverage="0" branchCoverage="0" crapScore="2" isConstructor="true" isStatic="false" isGetter="false" isSetter="false">
              <Summary numSequencePoints="0" visitedSequencePoints="0" numBranchPoints="0" visitedBranchPoints="0" sequenceCoverage="0" branchCoverage="0" maxCyclomaticComplexity="1" minCyclomaticComplexity="1" maxCrapScore="2" minCrapScore="2" visitedClasses="0" numClasses="0" visitedMethods="0" numMethods="0" />
              <MetadataToken>100663298</MetadataToken>
              <Name>System.Void System.Runtime.CompilerServices.NullableAttribute::.ctor(System.Byte)</Name>
              <SequencePoints />
              <BranchPoints />
              <MethodPoint vc="0" uspid="2" ordinal="0" offset="0" />
            </Method>
            <Method visited="false" cyclomaticComplexity="1" nPathComplexity="0" sequenceCoverage="0" branchCoverage="0" crapScore="2" isConstructor="true" isStatic="false" isGetter="false" isSetter="false">
              <Summary numSequencePoints="0" visitedSequencePoints="0" numBranchPoints="0" visitedBranchPoints="0" sequenceCoverage="0" branchCoverage="0" maxCyclomaticComplexity="1" minCyclomaticComplexity="1" maxCrapScore="2" minCrapScore="2" visitedClasses="0" numClasses="0" visitedMethods="0" numMethods="0" />
              <MetadataToken>100663299</MetadataToken>
              <Name>System.Void System.Runtime.CompilerServices.NullableAttribute::.ctor(System.Byte[])</Name>
              <SequencePoints />
              <BranchPoints />
              <MethodPoint vc="0" uspid="3" ordinal="0" offset="0" />
            </Method>
          </Methods>
        </Class>
        <Class>
          <Summary numSequencePoints="0" visitedSequencePoints="0" numBranchPoints="0" visitedBranchPoints="0" sequenceCoverage="0" branchCoverage="0" maxCyclomaticComplexity="1" minCyclomaticComplexity="1" maxCrapScore="2" minCrapScore="2" visitedClasses="0" numClasses="0" visitedMethods="0" numMethods="0" />
          <FullName>System.Runtime.CompilerServices.NullableContextAttribute</FullName>
          <Methods>
            <Method visited="false" cyclomaticComplexity="1" nPathComplexity="0" sequenceCoverage="0" branchCoverage="0" crapScore="2" isConstructor="true" isStatic="false" isGetter="false" isSetter="false">
              <Summary numSequencePoints="0" visitedSequencePoints="0" numBranchPoints="0" visitedBranchPoints="0" sequenceCoverage="0" branchCoverage="0" maxCyclomaticComplexity="1" minCyclomaticComplexity="1" maxCrapScore="2" minCrapScore="2" visitedClasses="0" numClasses="0" visitedMethods="0" numMethods="0" />
              <MetadataToken>100663300</MetadataToken>
              <Name>System.Void System.Runtime.CompilerServices.NullableContextAttribute::.ctor(System.Byte)</Name>
              <SequencePoints />
              <BranchPoints />
              <MethodPoint vc="0" uspid="4" ordinal="0" offset="0" />
            </Method>
          </Methods>
        </Class>
        <Class>
          <Summary numSequencePoints="2" visitedSequencePoints="0" numBranchPoints="1" visitedBranchPoints="0" sequenceCoverage="0" branchCoverage="0" maxCyclomaticComplexity="1" minCyclomaticComplexity="1" maxCrapScore="2" minCrapScore="2" visitedClasses="0" numClasses="1" visitedMethods="0" numMethods="1" />
          <FullName>AutoGeneratedProgram</FullName>
          <Methods>
            <Method visited="false" cyclomaticComplexity="1" nPathComplexity="0" sequenceCoverage="0" branchCoverage="0" crapScore="2" isConstructor="false" isStatic="true" isGetter="false" isSetter="false">
              <Summary numSequencePoints="2" visitedSequencePoints="0" numBranchPoints="1" visitedBranchPoints="0" sequenceCoverage="0" branchCoverage="0" maxCyclomaticComplexity="1" minCyclomaticComplexity="1" maxCrapScore="2" minCrapScore="2" visitedClasses="0" numClasses="0" visitedMethods="0" numMethods="1" />
              <MetadataToken>100663301</MetadataToken>
              <Name>System.Void AutoGeneratedProgram::Main(System.String[])</Name>
              <FileRef uid="1" />
              <SequencePoints>
                <SequencePoint vc="0" uspid="5" ordinal="0" offset="0" sl="4" sc="60" el="4" ec="61" bec="0" bev="0" fileid="1" />
                <SequencePoint vc="0" uspid="6" ordinal="1" offset="1" sl="4" sc="61" el="4" ec="62" bec="0" bev="0" fileid="1" />
              </SequencePoints>
              <BranchPoints />
              <MethodPoint xsi:type="SequencePoint" vc="0" uspid="5" ordinal="0" offset="0" sl="4" sc="60" el="4" ec="61" bec="0" bev="0" fileid="1" />
            </Method>
            <Method visited="false" cyclomaticComplexity="1" nPathComplexity="0" sequenceCoverage="0" branchCoverage="0" crapScore="2" isConstructor="true" isStatic="false" isGetter="false" isSetter="false">
              <Summary numSequencePoints="0" visitedSequencePoints="0" numBranchPoints="0" visitedBranchPoints="0" sequenceCoverage="0" branchCoverage="0" maxCyclomaticComplexity="1" minCyclomaticComplexity="1" maxCrapScore="2" minCrapScore="2" visitedClasses="0" numClasses="0" visitedMethods="0" numMethods="0" />
              <MetadataToken>100663302</MetadataToken>
              <Name>System.Void AutoGeneratedProgram::.ctor()</Name>
              <SequencePoints />
              <BranchPoints />
              <MethodPoint vc="0" uspid="7" ordinal="0" offset="0" />
            </Method>
          </Methods>
        </Class>
        <Class>
          <Summary numSequencePoints="9" visitedSequencePoints="9" numBranchPoints="3" visitedBranchPoints="3" sequenceCoverage="100" branchCoverage="100" maxCyclomaticComplexity="1" minCyclomaticComplexity="1" maxCrapScore="2" minCrapScore="1" visitedClasses="1" numClasses="1" visitedMethods="3" numMethods="3" />
          <FullName>netmon.core.tests.HostAddressTypeHandlerTests</FullName>
          <Methods>
            <Method visited="true" cyclomaticComplexity="1" nPathComplexity="0" sequenceCoverage="100" branchCoverage="100" crapScore="1" isConstructor="false" isStatic="false" isGetter="false" isSetter="false">
              <Summary numSequencePoints="3" visitedSequencePoints="3" numBranchPoints="1" visitedBranchPoints="1" sequenceCoverage="100" branchCoverage="100" maxCyclomaticComplexity="1" minCyclomaticComplexity="1" maxCrapScore="1" minCrapScore="1" visitedClasses="0" numClasses="0" visitedMethods="1" numMethods="1" />
              <MetadataToken>100663303</MetadataToken>
              <Name>System.Void netmon.core.tests.HostAddressTypeHandlerTests::Sestup()</Name>
              <FileRef uid="2" />
              <SequencePoints>
                <SequencePoint vc="14" uspid="8" ordinal="0" offset="0" sl="14" sc="9" el="14" ec="10" bec="0" bev="0" fileid="2" />
                <SequencePoint vc="14" uspid="9" ordinal="1" offset="1" sl="15" sc="13" el="15" ec="50" bec="0" bev="0" fileid="2" />
                <SequencePoint vc="14" uspid="10" ordinal="2" offset="12" sl="16" sc="9" el="16" ec="10" bec="0" bev="0" fileid="2" />
              </SequencePoints>
              <BranchPoints />
              <MethodPoint xsi:type="SequencePoint" vc="14" uspid="8" ordinal="0" offset="0" sl="14" sc="9" el="14" ec="10" bec="0" bev="0" fileid="2" />
            </Method>
            <Method visited="true" cyclomaticComplexity="1" nPathComplexity="0" sequenceCoverage="100" branchCoverage="100" crapScore="1" isConstructor="false" isStatic="false" isGetter="false" isSetter="false">
              <Summary numSequencePoints="3" visitedSequencePoints="3" numBranchPoints="1" visitedBranchPoints="1" sequenceCoverage="100" branchCoverage="100" maxCyclomaticComplexity="1" minCyclomaticComplexity="1" maxCrapScore="1" minCrapScore="1" visitedClasses="0" numClasses="0" visitedMethods="1" numMethods="1" />
              <MetadataToken>100663304</MetadataToken>
              <Name>System.Void netmon.core.tests.HostAddressTypeHandlerTests::OnGetPrivateHostTypeItReturnsTheExepctedType(System.String,netmon.core.Models.HostTypes)</Name>
              <FileRef uid="2" />
              <SequencePoints>
                <SequencePoint vc="7" uspid="11" ordinal="0" offset="0" sl="28" sc="9" el="28" ec="10" bec="0" bev="0" fileid="2" />
                <SequencePoint vc="7" uspid="12" ordinal="1" offset="1" sl="29" sc="13" el="29" ec="102" bec="0" bev="0" fileid="2" />
                <SequencePoint vc="7" uspid="13" ordinal="2" offset="35" sl="30" sc="9" el="30" ec="10" bec="0" bev="0" fileid="2" />
              </SequencePoints>
              <BranchPoints />
              <MethodPoint xsi:type="SequencePoint" vc="7" uspid="11" ordinal="0" offset="0" sl="28" sc="9" el="28" ec="10" bec="0" bev="0" fileid="2" />
            </Method>
            <Method visited="true" cyclomaticComplexity="1" nPathComplexity="0" sequenceCoverage="100" branchCoverage="100" crapScore="1" isConstructor="false" isStatic="false" isGetter="false" isSetter="false">
              <Summary numSequencePoints="3" visitedSequencePoints="3" numBranchPoints="1" visitedBranchPoints="1" sequenceCoverage="100" branchCoverage="100" maxCyclomaticComplexity="1" minCyclomaticComplexity="1" maxCrapScore="1" minCrapScore="1" visitedClasses="0" numClasses="0" visitedMethods="1" numMethods="1" />
              <MetadataToken>100663305</MetadataToken>
              <Name>System.Void netmon.core.tests.HostAddressTypeHandlerTests::OnGetPublicHostTypeItReturnsTheExepctedType(System.String,netmon.core.Models.HostTypes)</Name>
              <FileRef uid="2" />
              <SequencePoints>
                <SequencePoint vc="7" uspid="14" ordinal="0" offset="0" sl="41" sc="9" el="41" ec="10" bec="0" bev="0" fileid="2" />
                <SequencePoint vc="7" uspid="15" ordinal="1" offset="1" sl="42" sc="13" el="42" ec="132" bec="0" bev="0" fileid="2" />
                <SequencePoint vc="7" uspid="16" ordinal="2" offset="40" sl="43" sc="9" el="43" ec="10" bec="0" bev="0" fileid="2" />
              </SequencePoints>
              <BranchPoints />
              <MethodPoint xsi:type="SequencePoint" vc="7" uspid="14" ordinal="0" offset="0" sl="41" sc="9" el="41" ec="10" bec="0" bev="0" fileid="2" />
            </Method>
            <Method visited="false" cyclomaticComplexity="1" nPathComplexity="0" sequenceCoverage="0" branchCoverage="0" crapScore="2" isConstructor="true" isStatic="false" isGetter="false" isSetter="false">
              <Summary numSequencePoints="0" visitedSequencePoints="0" numBranchPoints="0" visitedBranchPoints="0" sequenceCoverage="0" branchCoverage="0" maxCyclomaticComplexity="1" minCyclomaticComplexity="1" maxCrapScore="2" minCrapScore="2" visitedClasses="0" numClasses="0" visitedMethods="0" numMethods="0" />
              <MetadataToken>100663306</MetadataToken>
              <Name>System.Void netmon.core.tests.HostAddressTypeHandlerTests::.ctor()</Name>
              <SequencePoints />
              <BranchPoints />
              <MethodPoint vc="0" uspid="17" ordinal="0" offset="0" />
            </Method>
          </Methods>
        </Class>
        <Class>
          <Summary numSequencePoints="25" visitedSequencePoints="25" numBranchPoints="3" visitedBranchPoints="3" sequenceCoverage="100" branchCoverage="100" maxCyclomaticComplexity="4" minCyclomaticComplexity="1" maxCrapScore="4" minCrapScore="1" visitedClasses="1" numClasses="1" visitedMethods="3" numMethods="3" />
          <FullName>netmon.core.tests.InMemoryStorageTests</FullName>
          <Methods>
            <Method visited="true" cyclomaticComplexity="1" nPathComplexity="0" sequenceCoverage="100" branchCoverage="100" crapScore="1" isConstructor="false" isStatic="false" isGetter="false" isSetter="false">
              <Summary numSequencePoints="3" visitedSequencePoints="3" numBranchPoints="1" visitedBranchPoints="1" sequenceCoverage="100" branchCoverage="100" maxCyclomaticComplexity="1" minCyclomaticComplexity="1" maxCrapScore="1" minCrapScore="1" visitedClasses="0" numClasses="0" visitedMethods="1" numMethods="1" />
              <MetadataToken>100663307</MetadataToken>
              <Name>System.Void netmon.core.tests.InMemoryStorageTests::Setup()</Name>
              <FileRef uid="3" />
              <SequencePoints>
                <SequencePoint vc="1" uspid="18" ordinal="0" offset="0" sl="10" sc="9" el="10" ec="10" bec="0" bev="0" fileid="3" />
                <SequencePoint vc="1" uspid="19" ordinal="1" offset="1" sl="11" sc="13" el="11" ec="43" bec="0" bev="0" fileid="3" />
                <SequencePoint vc="1" uspid="20" ordinal="2" offset="12" sl="12" sc="9" el="12" ec="10" bec="0" bev="0" fileid="3" />
              </SequencePoints>
              <BranchPoints />
              <MethodPoint xsi:type="SequencePoint" vc="1" uspid="18" ordinal="0" offset="0" sl="10" sc="9" el="10" ec="10" bec="0" bev="0" fileid="3" />
            </Method>
            <Method visited="true" cyclomaticComplexity="4" nPathComplexity="0" sequenceCoverage="100" branchCoverage="100" crapScore="4" isConstructor="false" isStatic="false" isGetter="false" isSetter="false">
              <Summary numSequencePoints="17" visitedSequencePoints="17" numBranchPoints="1" visitedBranchPoints="1" sequenceCoverage="100" branchCoverage="100" maxCyclomaticComplexity="4" minCyclomaticComplexity="4" maxCrapScore="4" minCrapScore="4" visitedClasses="0" numClasses="0" visitedMethods="1" numMethods="1" />
              <MetadataToken>100663308</MetadataToken>
              <Name>System.Void netmon.core.tests.InMemoryStorageTests::AddTestData()</Name>
              <FileRef uid="3" />
              <SequencePoints>
                <SequencePoint vc="1" uspid="21" ordinal="0" offset="0" sl="15" sc="9" el="15" ec="10" bec="0" bev="0" fileid="3" />
                <SequencePoint vc="1" uspid="22" ordinal="1" offset="1" sl="16" sc="13" el="16" ec="45" bec="0" bev="0" fileid="3" />
                <SequencePoint vc="1" uspid="23" ordinal="2" offset="7" sl="18" sc="13" el="18" ec="20" bec="0" bev="0" fileid="3" />
                <SequencePoint vc="1" uspid="24" ordinal="3" offset="8" sl="18" sc="36" el="18" ec="65" bec="0" bev="0" fileid="3" />
                <SequencePoint vc="9" uspid="25" ordinal="4" offset="18" sl="18" sc="21" el="18" ec="32" bec="0" bev="0" fileid="3" />
                <SequencePoint vc="9" uspid="26" ordinal="5" offset="22" sl="19" sc="13" el="19" ec="14" bec="0" bev="0" fileid="3" />
                <SequencePoint vc="9" uspid="27" ordinal="6" offset="23" sl="20" sc="17" el="20" ec="132" bec="0" bev="0" fileid="3" />
                <SequencePoint vc="9" uspid="28" ordinal="7" offset="46" sl="21" sc="13" el="21" ec="14" bec="0" bev="0" fileid="3" />
                <SequencePoint vc="10" uspid="29" ordinal="8" offset="51" sl="18" sc="33" el="18" ec="35" bec="0" bev="0" fileid="3" />
                <SequencePoint vc="1" uspid="30" ordinal="9" offset="57" sl="23" sc="13" el="23" ec="20" bec="0" bev="0" fileid="3" />
                <SequencePoint vc="1" uspid="31" ordinal="10" offset="58" sl="23" sc="34" el="23" ec="39" bec="0" bev="0" fileid="3" />
                <SequencePoint vc="9" uspid="32" ordinal="11" offset="68" sl="23" sc="22" el="23" ec="30" bec="0" bev="0" fileid="3" />
                <SequencePoint vc="9" uspid="33" ordinal="12" offset="77" sl="24" sc="13" el="24" ec="14" bec="0" bev="0" fileid="3" />
                <SequencePoint vc="9" uspid="34" ordinal="13" offset="78" sl="25" sc="17" el="25" ec="41" bec="0" bev="0" fileid="3" />
                <SequencePoint vc="9" uspid="35" ordinal="14" offset="97" sl="26" sc="13" el="26" ec="14" bec="0" bev="0" fileid="3" />
                <SequencePoint vc="10" uspid="36" ordinal="15" offset="98" sl="23" sc="31" el="23" ec="33" bec="0" bev="0" fileid="3" />
                <SequencePoint vc="1" uspid="37" ordinal="16" offset="122" sl="27" sc="9" el="27" ec="10" bec="0" bev="0" fileid="3" />
              </SequencePoints>
              <BranchPoints />
              <MethodPoint xsi:type="SequencePoint" vc="1" uspid="21" ordinal="0" offset="0" sl="15" sc="9" el="15" ec="10" bec="0" bev="0" fileid="3" />
            </Method>
            <Method visited="true" cyclomaticComplexity="1" nPathComplexity="0" sequenceCoverage="100" branchCoverage="100" crapScore="1" isConstructor="false" isStatic="false" isGetter="false" isSetter="false">
              <Summary numSequencePoints="5" visitedSequencePoints="5" numBranchPoints="1" visitedBranchPoints="1" sequenceCoverage="100" branchCoverage="100" maxCyclomaticComplexity="1" minCyclomaticComplexity="1" maxCrapScore="1" minCrapScore="1" visitedClasses="0" numClasses="0" visitedMethods="1" numMethods="1" />
              <MetadataToken>100663309</MetadataToken>
              <Name>System.Void netmon.core.tests.InMemoryStorageTests::OnStoreItShouldContaiaTheAddedItems()</Name>
              <FileRef uid="3" />
              <SequencePoints>
                <SequencePoint vc="1" uspid="40" ordinal="0" offset="0" sl="31" sc="9" el="31" ec="10" bec="0" bev="0" fileid="3" />
                <SequencePoint vc="1" uspid="41" ordinal="1" offset="1" sl="32" sc="13" el="32" ec="53" bec="0" bev="0" fileid="3" />
                <SequencePoint vc="1" uspid="42" ordinal="2" offset="35" sl="33" sc="13" el="33" ec="27" bec="0" bev="0" fileid="3" />
                <SequencePoint vc="1" uspid="43" ordinal="3" offset="42" sl="34" sc="13" el="34" ec="88" bec="0" bev="0" fileid="3" />
                <SequencePoint vc="1" uspid="44" ordinal="4" offset="82" sl="35" sc="9" el="35" ec="10" bec="0" bev="0" fileid="3" />
              </SequencePoints>
              <BranchPoints />
              <MethodPoint xsi:type="SequencePoint" vc="1" uspid="40" ordinal="0" offset="0" sl="31" sc="9" el="31" ec="10" bec="0" bev="0" fileid="3" />
            </Method>
            <Method visited="false" cyclomaticComplexity="1" nPathComplexity="0" sequenceCoverage="0" branchCoverage="0" crapScore="2" isConstructor="true" isStatic="false" isGetter="false" isSetter="false">
              <Summary numSequencePoints="0" visitedSequencePoints="0" numBranchPoints="0" visitedBranchPoints="0" sequenceCoverage="0" branchCoverage="0" maxCyclomaticComplexity="1" minCyclomaticComplexity="1" maxCrapScore="2" minCrapScore="2" visitedClasses="0" numClasses="0" visitedMethods="0" numMethods="0" />
              <MetadataToken>100663310</MetadataToken>
              <Name>System.Void netmon.core.tests.InMemoryStorageTests::.ctor()</Name>
              <SequencePoints />
              <BranchPoints />
              <MethodPoint vc="0" uspid="45" ordinal="0" offset="0" />
            </Method>
          </Methods>
        </Class>
        <Class>
          <Summary numSequencePoints="16" visitedSequencePoints="16" numBranchPoints="4" visitedBranchPoints="4" sequenceCoverage="100" branchCoverage="100" maxCyclomaticComplexity="1" minCyclomaticComplexity="1" maxCrapScore="2" minCrapScore="1" visitedClasses="1" numClasses="1" visitedMethods="4" numMethods="4" />
          <FullName>netmon.core.tests.IpAddressExtensionsTests</FullName>
          <Methods>
            <Method visited="true" cyclomaticComplexity="1" nPathComplexity="0" sequenceCoverage="100" branchCoverage="100" crapScore="1" isConstructor="false" isStatic="false" isGetter="false" isSetter="false">
              <Summary numSequencePoints="4" visitedSequencePoints="4" numBranchPoints="1" visitedBranchPoints="1" sequenceCoverage="100" branchCoverage="100" maxCyclomaticComplexity="1" minCyclomaticComplexity="1" maxCrapScore="1" minCrapScore="1" visitedClasses="0" numClasses="0" visitedMethods="1" numMethods="1" />
              <MetadataToken>100663311</MetadataToken>
              <Name>System.Void netmon.core.tests.IpAddressExtensionsTests::IpV4SubnetMaskMatchesValidIpAddress(System.String,System.String)</Name>
              <FileRef uid="4" />
              <SequencePoints>
                <SequencePoint vc="9" uspid="46" ordinal="0" offset="0" sl="22" sc="9" el="22" ec="10" bec="0" bev="0" fileid="4" />
                <SequencePoint vc="9" uspid="47" ordinal="1" offset="1" sl="23" sc="13" el="23" ec="65" bec="0" bev="0" fileid="4" />
                <SequencePoint vc="9" uspid="48" ordinal="2" offset="8" sl="24" sc="13" el="24" ec="59" bec="0" bev="0" fileid="4" />
                <SequencePoint vc="9" uspid="49" ordinal="3" offset="21" sl="25" sc="9" el="25" ec="10" bec="0" bev="0" fileid="4" />
              </SequencePoints>
              <BranchPoints />
              <MethodPoint xsi:type="SequencePoint" vc="9" uspid="46" ordinal="0" offset="0" sl="22" sc="9" el="22" ec="10" bec="0" bev="0" fileid="4" />
            </Method>
            <Method visited="true" cyclomaticComplexity="1" nPathComplexity="0" sequenceCoverage="100" branchCoverage="100" crapScore="1" isConstructor="false" isStatic="false" isGetter="false" isSetter="false">
              <Summary numSequencePoints="4" visitedSequencePoints="4" numBranchPoints="1" visitedBranchPoints="1" sequenceCoverage="100" branchCoverage="100" maxCyclomaticComplexity="1" minCyclomaticComplexity="1" maxCrapScore="1" minCrapScore="1" visitedClasses="0" numClasses="0" visitedMethods="1" numMethods="1" />
              <MetadataToken>100663312</MetadataToken>
              <Name>System.Void netmon.core.tests.IpAddressExtensionsTests::IpV4SubnetMaskDoesNotMatchInvalidIpAddress(System.String,System.String)</Name>
              <FileRef uid="4" />
              <SequencePoints>
                <SequencePoint vc="6" uspid="50" ordinal="0" offset="0" sl="35" sc="9" el="35" ec="10" bec="0" bev="0" fileid="4" />
                <SequencePoint vc="6" uspid="51" ordinal="1" offset="1" sl="36" sc="13" el="36" ec="65" bec="0" bev="0" fileid="4" />
                <SequencePoint vc="6" uspid="52" ordinal="2" offset="8" sl="37" sc="13" el="37" ec="60" bec="0" bev="0" fileid="4" />
                <SequencePoint vc="6" uspid="53" ordinal="3" offset="21" sl="38" sc="9" el="38" ec="10" bec="0" bev="0" fileid="4" />
              </SequencePoints>
              <BranchPoints />
              <MethodPoint xsi:type="SequencePoint" vc="6" uspid="50" ordinal="0" offset="0" sl="35" sc="9" el="35" ec="10" bec="0" bev="0" fileid="4" />
            </Method>
            <Method visited="true" cyclomaticComplexity="1" nPathComplexity="0" sequenceCoverage="100" branchCoverage="100" crapScore="1" isConstructor="false" isStatic="false" isGetter="false" isSetter="false">
              <Summary numSequencePoints="4" visitedSequencePoints="4" numBranchPoints="1" visitedBranchPoints="1" sequenceCoverage="100" branchCoverage="100" maxCyclomaticComplexity="1" minCyclomaticComplexity="1" maxCrapScore="1" minCrapScore="1" visitedClasses="0" numClasses="0" visitedMethods="1" numMethods="1" />
              <MetadataToken>100663313</MetadataToken>
              <Name>System.Void netmon.core.tests.IpAddressExtensionsTests::IpV6SubnetMaskMatchesValidIpAddress(System.String,System.String)</Name>
              <FileRef uid="4" />
              <SequencePoints>
                <SequencePoint vc="9" uspid="54" ordinal="0" offset="0" sl="51" sc="9" el="51" ec="10" bec="0" bev="0" fileid="4" />
                <SequencePoint vc="9" uspid="55" ordinal="1" offset="1" sl="52" sc="13" el="52" ec="65" bec="0" bev="0" fileid="4" />
                <SequencePoint vc="9" uspid="56" ordinal="2" offset="8" sl="53" sc="13" el="53" ec="59" bec="0" bev="0" fileid="4" />
                <SequencePoint vc="9" uspid="57" ordinal="3" offset="21" sl="54" sc="9" el="54" ec="10" bec="0" bev="0" fileid="4" />
              </SequencePoints>
              <BranchPoints />
              <MethodPoint xsi:type="SequencePoint" vc="9" uspid="54" ordinal="0" offset="0" sl="51" sc="9" el="51" ec="10" bec="0" bev="0" fileid="4" />
            </Method>
            <Method visited="true" cyclomaticComplexity="1" nPathComplexity="0" sequenceCoverage="100" branchCoverage="100" crapScore="1" isConstructor="false" isStatic="false" isGetter="false" isSetter="false">
              <Summary numSequencePoints="4" visitedSequencePoints="4" numBranchPoints="1" visitedBranchPoints="1" sequenceCoverage="100" branchCoverage="100" maxCyclomaticComplexity="1" minCyclomaticComplexity="1" maxCrapScore="1" minCrapScore="1" visitedClasses="0" numClasses="0" visitedMethods="1" numMethods="1" />
              <MetadataToken>100663314</MetadataToken>
[...]
            </Method>
            <Method visited="false" cyclomaticComplexity="1" nPathComplexity="0" sequenceCoverage="0" branchCoverage="0" crapScore="2" isConstructor="false" isStatic="false" isGetter="false" isSetter="true">
              <Summary numSequencePoints="1" visitedSequencePoints="0" numBranchPoints="1" visitedBranchPoints="0" sequenceCoverage="0" branchCoverage="0" maxCyclomaticComplexity="1" minCyclomaticComplexity="1" maxCrapScore="2" minCrapScore="2" visitedClasses="0" numClasses="0" visitedMethods="0" numMethods="1" />
              <MetadataToken>100663384</MetadataToken>
              <Name>System.Void netmon.core.Configuration.MonitorOptions::set_Roaming(System.Boolean)</Name>
              <FileRef uid="57" />
              <SequencePoints>
                <SequencePoint vc="0" uspid="664" ordinal="0" offset="0" sl="27" sc="37" el="27" ec="41" bec="0" bev="0" fileid="57" />
              </SequencePoints>
              <BranchPoints />
              <MethodPoint xsi:type="SequencePoint" vc="0" uspid="664" ordinal="0" offset="0" sl="27" sc="37" el="27" ec="41" bec="0" bev="0" fileid="57" />
            </Method>
            <Method visited="true" cyclomaticComplexity="1" nPathComplexity="0" sequenceCoverage="100" branchCoverage="100" crapScore="1" isConstructor="true" isStatic="false" isGetter="false" isSetter="false">
              <Summary numSequencePoints="3" visitedSequencePoints="3" numBranchPoints="1" visitedBranchPoints="1" sequenceCoverage="100" branchCoverage="100" maxCyclomaticComplexity="1" minCyclomaticComplexity="1" maxCrapScore="1" minCrapScore="1" visitedClasses="0" numClasses="0" visitedMethods="1" numMethods="1" />
              <MetadataToken>100663385</MetadataToken>
              <Name>System.Void netmon.core.Configuration.MonitorOptions::.ctor()</Name>
              <FileRef uid="57" />
              <SequencePoints>
                <SequencePoint vc="2" uspid="665" ordinal="0" offset="0" sl="13" sc="98" el="13" ec="135" bec="0" bev="0" fileid="57" />
                <SequencePoint vc="2" uspid="666" ordinal="1" offset="11" sl="17" sc="49" el="17" ec="53" bec="0" bev="0" fileid="57" />
                <SequencePoint vc="2" uspid="667" ordinal="2" offset="22" sl="21" sc="54" el="21" ec="59" bec="0" bev="0" fileid="57" />
              </SequencePoints>
              <BranchPoints />
              <MethodPoint xsi:type="SequencePoint" vc="2" uspid="665" ordinal="0" offset="0" sl="13" sc="98" el="13" ec="135" bec="0" bev="0" fileid="57" />
            </Method>
          </Methods>
        </Class>
        <Class>
          <Summary numSequencePoints="9" visitedSequencePoints="8" numBranchPoints="7" visitedBranchPoints="6" sequenceCoverage="88.89" branchCoverage="85.71" maxCyclomaticComplexity="1" minCyclomaticComplexity="1" maxCrapScore="2" minCrapScore="1" visitedClasses="1" numClasses="1" visitedMethods="6" numMethods="7" />
          <FullName>netmon.core.Configuration.PingHandlerOptions</FullName>
          <Methods>
            <Method visited="true" cyclomaticComplexity="1" nPathComplexity="0" sequenceCoverage="100" branchCoverage="100" crapScore="1" isConstructor="false" isStatic="false" isGetter="true" isSetter="false">
              <Summary numSequencePoints="1" visitedSequencePoints="1" numBranchPoints="1" visitedBranchPoints="1" sequenceCoverage="100" branchCoverage="100" maxCyclomaticComplexity="1" minCyclomaticComplexity="1" maxCrapScore="1" minCrapScore="1" visitedClasses="0" numClasses="0" visitedMethods="1" numMethods="1" />
              <MetadataToken>100663386</MetadataToken>
              <Name>System.Boolean netmon.core.Configuration.PingHandlerOptions::get_DontFragment()</Name>
              <FileRef uid="58" />
              <SequencePoints>
                <SequencePoint vc="450" uspid="668" ordinal="0" offset="0" sl="13" sc="36" el="13" ec="40" bec="0" bev="0" fileid="58" />
              </SequencePoints>
              <BranchPoints />
              <MethodPoint xsi:type="SequencePoint" vc="450" uspid="668" ordinal="0" offset="0" sl="13" sc="36" el="13" ec="40" bec="0" bev="0" fileid="58" />
            </Method>
            <Method visited="false" cyclomaticComplexity="1" nPathComplexity="0" sequenceCoverage="0" branchCoverage="0" crapScore="2" isConstructor="false" isStatic="false" isGetter="false" isSetter="true">
              <Summary numSequencePoints="1" visitedSequencePoints="0" numBranchPoints="1" visitedBranchPoints="0" sequenceCoverage="0" branchCoverage="0" maxCyclomaticComplexity="1" minCyclomaticComplexity="1" maxCrapScore="2" minCrapScore="2" visitedClasses="0" numClasses="0" visitedMethods="0" numMethods="1" />
              <MetadataToken>100663387</MetadataToken>
              <Name>System.Void netmon.core.Configuration.PingHandlerOptions::set_DontFragment(System.Boolean)</Name>
              <FileRef uid="58" />
              <SequencePoints>
                <SequencePoint vc="0" uspid="669" ordinal="0" offset="0" sl="13" sc="41" el="13" ec="45" bec="0" bev="0" fileid="58" />
              </SequencePoints>
              <BranchPoints />
              <MethodPoint xsi:type="SequencePoint" vc="0" uspid="669" ordinal="0" offset="0" sl="13" sc="41" el="13" ec="45" bec="0" bev="0" fileid="58" />
            </Method>
            <Method visited="true" cyclomaticComplexity="1" nPathComplexity="0" sequenceCoverage="100" branchCoverage="100" crapScore="1" isConstructor="false" isStatic="false" isGetter="true" isSetter="false">
              <Summary numSequencePoints="1" visitedSequencePoints="1" numBranchPoints="1" visitedBranchPoints="1" sequenceCoverage="100" branchCoverage="100" maxCyclomaticComplexity="1" minCyclomaticComplexity="1" maxCrapScore="1" minCrapScore="1" visitedClasses="0" numClasses="0" visitedMethods="1" numMethods="1" />
              <MetadataToken>100663388</MetadataToken>
              <Name>System.Int32 netmon.core.Configuration.PingHandlerOptions::get_Ttl()</Name>
              <FileRef uid="58" />
              <SequencePoints>
                <SequencePoint vc="811" uspid="670" ordinal="0" offset="0" sl="17" sc="26" el="17" ec="30" bec="0" bev="0" fileid="58" />
              </SequencePoints>
              <BranchPoints />
              <MethodPoint xsi:type="SequencePoint" vc="811" uspid="670" ordinal="0" offset="0" sl="17" sc="26" el="17" ec="30" bec="0" bev="0" fileid="58" />
            </Method>
            <Method visited="true" cyclomaticComplexity="1" nPathComplexity="0" sequenceCoverage="100" branchCoverage="100" crapScore="1" isConstructor="false" isStatic="false" isGetter="false" isSetter="true">
              <Summary numSequencePoints="1" visitedSequencePoints="1" numBranchPoints="1" visitedBranchPoints="1" sequenceCoverage="100" branchCoverage="100" maxCyclomaticComplexity="1" minCyclomaticComplexity="1" maxCrapScore="1" minCrapScore="1" visitedClasses="0" numClasses="0" visitedMethods="1" numMethods="1" />
              <MetadataToken>100663389</MetadataToken>
              <Name>System.Void netmon.core.Configuration.PingHandlerOptions::set_Ttl(System.Int32)</Name>
              <FileRef uid="58" />
              <SequencePoints>
                <SequencePoint vc="32" uspid="671" ordinal="0" offset="0" sl="17" sc="31" el="17" ec="35" bec="0" bev="0" fileid="58" />
              </SequencePoints>
              <BranchPoints />
              <MethodPoint xsi:type="SequencePoint" vc="32" uspid="671" ordinal="0" offset="0" sl="17" sc="31" el="17" ec="35" bec="0" bev="0" fileid="58" />
            </Method>
            <Method visited="true" cyclomaticComplexity="1" nPathComplexity="0" sequenceCoverage="100" branchCoverage="100" crapScore="1" isConstructor="false" isStatic="false" isGetter="true" isSetter="false">
              <Summary numSequencePoints="1" visitedSequencePoints="1" numBranchPoints="1" visitedBranchPoints="1" sequenceCoverage="100" branchCoverage="100" maxCyclomaticComplexity="1" minCyclomaticComplexity="1" maxCrapScore="1" minCrapScore="1" visitedClasses="0" numClasses="0" visitedMethods="1" numMethods="1" />
              <MetadataToken>100663390</MetadataToken>
              <Name>System.Int32 netmon.core.Configuration.PingHandlerOptions::get_Timeout()</Name>
              <FileRef uid="58" />
              <SequencePoints>
                <SequencePoint vc="697" uspid="672" ordinal="0" offset="0" sl="21" sc="30" el="21" ec="34" bec="0" bev="0" fileid="58" />
              </SequencePoints>
              <BranchPoints />
              <MethodPoint xsi:type="SequencePoint" vc="697" uspid="672" ordinal="0" offset="0" sl="21" sc="30" el="21" ec="34" bec="0" bev="0" fileid="58" />
            </Method>
            <Method visited="true" cyclomaticComplexity="1" nPathComplexity="0" sequenceCoverage="100" branchCoverage="100" crapScore="1" isConstructor="false" isStatic="false" isGetter="false" isSetter="true">
              <Summary numSequencePoints="1" visitedSequencePoints="1" numBranchPoints="1" visitedBranchPoints="1" sequenceCoverage="100" branchCoverage="100" maxCyclomaticComplexity="1" minCyclomaticComplexity="1" maxCrapScore="1" minCrapScore="1" visitedClasses="0" numClasses="0" visitedMethods="1" numMethods="1" />
              <MetadataToken>100663391</MetadataToken>
              <Name>System.Void netmon.core.Configuration.PingHandlerOptions::set_Timeout(System.Int32)</Name>
              <FileRef uid="58" />
              <SequencePoints>
                <SequencePoint vc="1" uspid="673" ordinal="0" offset="0" sl="21" sc="35" el="21" ec="39" bec="0" bev="0" fileid="58" />
              </SequencePoints>
              <BranchPoints />
              <MethodPoint xsi:type="SequencePoint" vc="1" uspid="673" ordinal="0" offset="0" sl="21" sc="35" el="21" ec="39" bec="0" bev="0" fileid="58" />
            </Method>
            <Method visited="true" cyclomaticComplexity="1" nPathComplexity="0" sequenceCoverage="100" branchCoverage="100" crapScore="1" isConstructor="true" isStatic="false" isGetter="false" isSetter="false">
              <Summary numSequencePoints="3" visitedSequencePoints="3" numBranchPoints="1" visitedBranchPoints="1" sequenceCoverage="100" branchCoverage="100" maxCyclomaticComplexity="1" minCyclomaticComplexity="1" maxCrapScore="1" minCrapScore="1" visitedClasses="0" numClasses="0" visitedMethods="1" numMethods="1" />
              <MetadataToken>100663392</MetadataToken>
              <Name>System.Void netmon.core.Configuration.PingHandlerOptions::.ctor()</Name>
              <FileRef uid="58" />
              <SequencePoints>
                <SequencePoint vc="455" uspid="674" ordinal="0" offset="0" sl="13" sc="50" el="13" ec="54" bec="0" bev="0" fileid="58" />
                <SequencePoint vc="455" uspid="675" ordinal="1" offset="7" sl="17" sc="40" el="17" ec="43" bec="0" bev="0" fileid="58" />
                <SequencePoint vc="455" uspid="676" ordinal="2" offset="18" sl="21" sc="44" el="21" ec="48" bec="0" bev="0" fileid="58" />
              </SequencePoints>
              <BranchPoints />
              <MethodPoint xsi:type="SequencePoint" vc="455" uspid="674" ordinal="0" offset="0" sl="13" sc="50" el="13" ec="54" bec="0" bev="0" fileid="58" />
            </Method>
          </Methods>
        </Class>
        <Class>
          <Summary numSequencePoints="6" visitedSequencePoints="4" numBranchPoints="5" visitedBranchPoints="3" sequenceCoverage="66.67" branchCoverage="60" maxCyclomaticComplexity="1" minCyclomaticComplexity="1" maxCrapScore="2" minCrapScore="1" visitedClasses="1" numClasses="1" visitedMethods="3" numMethods="5" />
          <FullName>netmon.core.Configuration.TraceRouteOrchestratorOptions</FullName>
          <Methods>
            <Method visited="true" cyclomaticComplexity="1" nPathComplexity="0" sequenceCoverage="100" branchCoverage="100" crapScore="1" isConstructor="false" isStatic="false" isGetter="true" isSetter="false">
              <Summary numSequencePoints="1" visitedSequencePoints="1" numBranchPoints="1" visitedBranchPoints="1" sequenceCoverage="100" branchCoverage="100" maxCyclomaticComplexity="1" minCyclomaticComplexity="1" maxCrapScore="1" minCrapScore="1" visitedClasses="0" numClasses="0" visitedMethods="1" numMethods="1" />
              <MetadataToken>100663393</MetadataToken>
              <Name>System.Int32 netmon.core.Configuration.TraceRouteOrchestratorOptions::get_MaxHops()</Name>
              <FileRef uid="59" />
              <SequencePoints>
                <SequencePoint vc="29" uspid="677" ordinal="0" offset="0" sl="11" sc="31" el="11" ec="35" bec="0" bev="0" fileid="59" />
              </SequencePoints>
              <BranchPoints />
              <MethodPoint xsi:type="SequencePoint" vc="29" uspid="677" ordinal="0" offset="0" sl="11" sc="31" el="11" ec="35" bec="0" bev="0" fileid="59" />
            </Method>
            <Method visited="false" cyclomaticComplexity="1" nPathComplexity="0" sequenceCoverage="0" branchCoverage="0" crapScore="2" isConstructor="false" isStatic="false" isGetter="false" isSetter="true">
              <Summary numSequencePoints="1" visitedSequencePoints="0" numBranchPoints="1" visitedBranchPoints="0" sequenceCoverage="0" branchCoverage="0" maxCyclomaticComplexity="1" minCyclomaticComplexity="1" maxCrapScore="2" minCrapScore="2" visitedClasses="0" numClasses="0" visitedMethods="0" numMethods="1" />
              <MetadataToken>100663394</MetadataToken>
              <Name>System.Void netmon.core.Configuration.TraceRouteOrchestratorOptions::set_MaxHops(System.Int32)</Name>
              <FileRef uid="59" />
              <SequencePoints>
                <SequencePoint vc="0" uspid="678" ordinal="0" offset="0" sl="11" sc="35" el="11" ec="39" bec="0" bev="0" fileid="59" />
              </SequencePoints>
              <BranchPoints />
              <MethodPoint xsi:type="SequencePoint" vc="0" uspid="678" ordinal="0" offset="0" sl="11" sc="35" el="11" ec="39" bec="0" bev="0" fileid="59" />
            </Method>
            <Method visited="true" cyclomaticComplexity="1" nPathComplexity="0" sequenceCoverage="100" branchCoverage="100" crapScore="1" isConstructor="false" isStatic="false" isGetter="true" isSetter="false">
              <Summary numSequencePoints="1" visitedSequencePoints="1" numBranchPoints="1" visitedBranchPoints="1" sequenceCoverage="100" branchCoverage="100" maxCyclomaticComplexity="1" minCyclomaticComplexity="1" maxCrapScore="1" minCrapScore="1" visitedClasses="0" numClasses="0" visitedMethods="1" numMethods="1" />
              <MetadataToken>100663395</MetadataToken>
              <Name>System.Int32 netmon.core.Configuration.TraceRouteOrchestratorOptions::get_MaxAttempts()</Name>
              <FileRef uid="59" />
              <SequencePoints>
                <SequencePoint vc="212" uspid="679" ordinal="0" offset="0" sl="15" sc="34" el="15" ec="38" bec="0" bev="0" fileid="59" />
              </SequencePoints>
              <BranchPoints />
              <MethodPoint xsi:type="SequencePoint" vc="212" uspid="679" ordinal="0" offset="0" sl="15" sc="34" el="15" ec="38" bec="0" bev="0" fileid="59" />
            </Method>
            <Method visited="false" cyclomaticComplexity="1" nPathComplexity="0" sequenceCoverage="0" branchCoverage="0" crapScore="2" isConstructor="false" isStatic="false" isGetter="false" isSetter="true">
              <Summary numSequencePoints="1" visitedSequencePoints="0" numBranchPoints="1" visitedBranchPoints="0" sequenceCoverage="0" branchCoverage="0" maxCyclomaticComplexity="1" minCyclomaticComplexity="1" maxCrapScore="2" minCrapScore="2" visitedClasses="0" numClasses="0" visitedMethods="0" numMethods="1" />
              <MetadataToken>100663396</MetadataToken>
              <Name>System.Void netmon.core.Configuration.TraceRouteOrchestratorOptions::set_MaxAttempts(System.Int32)</Name>
              <FileRef uid="59" />
              <SequencePoints>
                <SequencePoint vc="0" uspid="680" ordinal="0" offset="0" sl="15" sc="38" el="15" ec="42" bec="0" bev="0" fileid="59" />
              </SequencePoints>
              <BranchPoints />
              <MethodPoint xsi:type="SequencePoint" vc="0" uspid="680" ordinal="0" offset="0" sl="15" sc="38" el="15" ec="42" bec="0" bev="0" fileid="59" />
            </Method>
            <Method visited="true" cyclomaticComplexity="1" nPathComplexity="0" sequenceCoverage="100" branchCoverage="100" crapScore="1" isConstructor="true" isStatic="false" isGetter="false" isSetter="false">
              <Summary numSequencePoints="2" visitedSequencePoints="2" numBranchPoints="1" visitedBranchPoints="1" sequenceCoverage="100" branchCoverage="100" maxCyclomaticComplexity="1" minCyclomaticComplexity="1" maxCrapScore="1" minCrapScore="1" visitedClasses="0" numClasses="0" visitedMethods="1" numMethods="1" />
              <MetadataToken>100663397</MetadataToken>
              <Name>System.Void netmon.core.Configuration.TraceRouteOrchestratorOptions::.ctor()</Name>
              <FileRef uid="59" />
              <SequencePoints>
                <SequencePoint vc="4" uspid="681" ordinal="0" offset="0" sl="11" sc="45" el="11" ec="47" bec="0" bev="0" fileid="59" />
                <SequencePoint vc="4" uspid="682" ordinal="1" offset="8" sl="15" sc="47" el="15" ec="48" bec="0" bev="0" fileid="59" />
              </SequencePoints>
              <BranchPoints />
              <MethodPoint xsi:type="SequencePoint" vc="4" uspid="681" ordinal="0" offset="0" sl="11" sc="45" el="11" ec="47" bec="0" bev="0" fileid="59" />
            </Method>
          </Methods>
        </Class>
      </Classes>
    </Module>
    <Module skippedDueTo="Filter" hash="F6-04-6F-19-92-77-A8-D7-0A-7A-D0-1D-A5-5C-89-5A-29-ED-BC-09">
      <ModulePath>C:\Program Files\dotnet\shared\Microsoft.NETCore.App\6.0.7\System.Xml.XDocument.dll</ModulePath>
      <ModuleTime>2022-06-24T16:18:22Z</ModuleTime>
      <ModuleName>System.Xml.XDocument</ModuleName>
      <Classes />
    </Module>
    <Module skippedDueTo="Filter" hash="5B-29-4A-AE-F9-C7-31-44-AB-23-3C-B1-8D-11-EA-86-C9-6F-3F-1F">
      <ModulePath>C:\Program Files\dotnet\shared\Microsoft.NETCore.App\6.0.7\System.Private.Xml.Linq.dll</ModulePath>
      <ModuleTime>2022-06-24T16:19:12Z</ModuleTime>
      <ModuleName>System.Private.Xml.Linq</ModuleName>
      <Classes />
    </Module>
    <Module skippedDueTo="Filter" hash="51-C5-75-AA-79-50-2A-0C-F5-10-0B-9E-2C-E1-60-5C-B0-24-89-A8">
      <ModulePath>C:\Program Files\dotnet\shared\Microsoft.NETCore.App\6.0.7\System.Net.Ping.dll</ModulePath>
      <ModuleTime>2022-06-24T16:19:10Z</ModuleTime>
      <ModuleName>System.Net.Ping</ModuleName>
      <Classes />
    </Module>
    <Module skippedDueTo="Filter" hash="4F-15-17-61-87-96-9B-C3-FB-A8-43-2E-1C-8F-A0-67-D1-0C-B4-BB">
      <ModulePath>C:\Program Files\dotnet\shared\Microsoft.NETCore.App\6.0.7\System.Security.Cryptography.Primitives.dll</ModulePath>
      <ModuleTime>2022-06-24T16:19:18Z</ModuleTime>
      <ModuleName>System.Security.Cryptography.Primitives</ModuleName>
      <Classes />
    </Module>
    <Module skippedDueTo="Filter" hash="15-DB-F9-29-CA-2A-9C-81-92-89-24-C7-24-F4-9E-4C-0B-81-EA-70">
      <ModulePath>C:\Program Files\dotnet\shared\Microsoft.NETCore.App\6.0.7\System.Security.Cryptography.Algorithms.dll</ModulePath>
      <ModuleTime>2022-06-24T16:19:14Z</ModuleTime>
      <ModuleName>System.Security.Cryptography.Algorithms</ModuleName>
      <Classes />
    </Module>
    <Module skippedDueTo="Filter" hash="93-F0-B9-15-05-86-04-0C-8E-B8-4E-57-96-17-C2-B7-10-85-E4-32">
      <ModulePath>C:\Program Files\dotnet\shared\Microsoft.NETCore.App\6.0.7\System.Text.Json.dll</ModulePath>
      <ModuleTime>2022-06-24T16:19:18Z</ModuleTime>
      <ModuleName>System.Text.Json</ModuleName>
      <Classes />
    </Module>
  </Modules>
</CoverageSession>